ccopy_reg
_reconstructor
p0
(cbrian.connections.constructionmatrix
SparseConstructionMatrix
p1
c__builtin__
object
p2
Ntp3
Rp4
(dp5
S'rows'
p6
cnumpy.core.multiarray
_reconstruct
p7
(cnumpy
ndarray
p8
(I0
tp9
S'b'
p10
tp11
Rp12
(I1
(I80
tp13
cnumpy
dtype
p14
(S'O8'
p15
I0
I1
tp16
Rp17
(I3
S'|'
p18
NNNI-1
I-1
I63
tp19
bI00
(lp20
(lp21
I6
aI10
aI21
aI26
aI43
aI65
aI66
aI78
aI82
aI84
aI86
aI101
aI104
aI107
aI108
aI112
aI114
aI118
aI119
aI120
aI131
aI143
aI149
aI153
aI154
aI165
aI173
aI175
aI184
aI189
aI196
aI197
aI201
aI202
aI203
aI206
aI207
aI208
aI222
aI225
aI228
aI252
aI256
aI259
aI260
aI268
aI274
aI283
aI288
aI298
aI305
aI306
aI309
aI317
aI325
aI328
aI333
aI350
aI352
aI365
aI368
aI375
aI376
aI383
aI388
aI393
aI395
aa(lp22
I7
aI11
aI12
aI27
aI30
aI34
aI39
aI47
aI49
aI50
aI58
aI59
aI65
aI66
aI72
aI75
aI76
aI77
aI82
aI86
aI94
aI98
aI100
aI101
aI102
aI103
aI112
aI115
aI118
aI120
aI141
aI142
aI162
aI166
aI169
aI173
aI195
aI203
aI205
aI206
aI208
aI213
aI217
aI229
aI231
aI233
aI237
aI244
aI252
aI263
aI282
aI300
aI305
aI330
aI339
aI349
aI362
aI363
aI371
aI374
aI375
aI379
aI382
aI385
aI386
aI395
aa(lp23
I3
aI34
aI37
aI47
aI49
aI54
aI55
aI57
aI79
aI81
aI94
aI104
aI115
aI119
aI122
aI136
aI139
aI149
aI153
aI161
aI167
aI170
aI178
aI184
aI190
aI204
aI222
aI242
aI248
aI253
aI256
aI258
aI263
aI273
aI283
aI293
aI294
aI295
aI301
aI318
aI341
aI343
aI347
aI352
aI361
aI369
aI376
aI387
aI388
aI390
aI394
aI397
aa(lp24
I13
aI17
aI29
aI33
aI35
aI42
aI46
aI47
aI50
aI54
aI59
aI66
aI74
aI79
aI80
aI83
aI84
aI94
aI99
aI106
aI109
aI110
aI116
aI128
aI133
aI141
aI145
aI153
aI154
aI159
aI169
aI184
aI188
aI190
aI192
aI204
aI211
aI216
aI222
aI225
aI226
aI245
aI249
aI255
aI257
aI268
aI287
aI289
aI300
aI306
aI319
aI325
aI332
aI344
aI365
aI372
aI381
aI382
aI387
aI389
aI397
aI399
aa(lp25
I7
aI13
aI19
aI36
aI37
aI38
aI46
aI49
aI77
aI82
aI91
aI106
aI110
aI113
aI119
aI127
aI136
aI137
aI148
aI149
aI179
aI180
aI182
aI197
aI198
aI210
aI226
aI230
aI247
aI249
aI258
aI261
aI268
aI272
aI279
aI285
aI294
aI308
aI312
aI313
aI314
aI321
aI339
aI354
aI360
aI364
aI371
aI372
aI374
aI376
aI377
aI383
aI385
aI388
aI389
aI391
aI399
aa(lp26
I8
aI13
aI28
aI33
aI36
aI38
aI41
aI42
aI47
aI48
aI50
aI52
aI53
aI63
aI68
aI71
aI75
aI105
aI118
aI132
aI135
aI142
aI151
aI159
aI160
aI167
aI183
aI186
aI187
aI191
aI194
aI196
aI208
aI209
aI223
aI236
aI237
aI238
aI260
aI267
aI268
aI274
aI296
aI308
aI318
aI322
aI332
aI333
aI347
aI358
aI371
aI379
aI398
aa(lp27
I1
aI5
aI11
aI15
aI24
aI35
aI39
aI40
aI44
aI60
aI61
aI66
aI85
aI86
aI89
aI93
aI103
aI111
aI115
aI125
aI127
aI137
aI155
aI185
aI186
aI187
aI198
aI210
aI212
aI217
aI224
aI225
aI226
aI237
aI240
aI250
aI251
aI259
aI260
aI261
aI280
aI288
aI296
aI297
aI299
aI300
aI310
aI322
aI325
aI326
aI327
aI331
aI336
aI338
aI344
aI347
aI356
aI373
aI380
aI385
aI388
aI390
aI391
aI392
aa(lp28
I3
aI8
aI14
aI15
aI18
aI25
aI28
aI31
aI34
aI45
aI48
aI57
aI70
aI71
aI73
aI80
aI81
aI85
aI90
aI93
aI95
aI101
aI102
aI111
aI113
aI119
aI130
aI133
aI143
aI146
aI153
aI163
aI172
aI174
aI177
aI192
aI195
aI198
aI202
aI219
aI228
aI236
aI251
aI254
aI256
aI261
aI267
aI269
aI274
aI275
aI277
aI280
aI282
aI284
aI292
aI294
aI296
aI298
aI300
aI307
aI313
aI315
aI316
aI318
aI321
aI322
aI326
aI331
aI332
aI334
aI342
aI346
aI348
aI356
aI357
aI370
aI374
aI375
aI387
aI388
aa(lp29
I4
aI8
aI18
aI31
aI34
aI36
aI37
aI41
aI46
aI52
aI71
aI82
aI92
aI98
aI106
aI129
aI135
aI138
aI142
aI146
aI156
aI158
aI161
aI166
aI170
aI175
aI176
aI181
aI185
aI188
aI193
aI194
aI216
aI219
aI224
aI227
aI238
aI241
aI243
aI250
aI253
aI262
aI276
aI278
aI289
aI290
aI291
aI293
aI295
aI296
aI299
aI319
aI321
aI335
aI338
aI347
aI357
aI358
aI361
aI369
aI371
aI375
aI377
aI399
aa(lp30
I2
aI6
aI9
aI18
aI20
aI32
aI33
aI37
aI50
aI54
aI56
aI62
aI91
aI92
aI93
aI95
aI101
aI104
aI108
aI112
aI116
aI119
aI124
aI130
aI132
aI142
aI149
aI161
aI169
aI177
aI184
aI187
aI189
aI197
aI198
aI204
aI220
aI226
aI227
aI230
aI245
aI250
aI258
aI263
aI269
aI278
aI280
aI282
aI289
aI296
aI298
aI299
aI300
aI301
aI317
aI319
aI329
aI334
aI335
aI350
aI351
aI352
aI360
aI370
aI371
aI372
aI389
aa(lp31
I2
aI3
aI6
aI8
aI10
aI11
aI13
aI15
aI22
aI25
aI26
aI28
aI37
aI60
aI61
aI68
aI70
aI83
aI92
aI95
aI111
aI112
aI117
aI125
aI132
aI133
aI136
aI137
aI142
aI159
aI202
aI203
aI230
aI231
aI246
aI247
aI254
aI258
aI261
aI275
aI277
aI278
aI286
aI287
aI291
aI301
aI303
aI311
aI321
aI332
aI338
aI348
aI354
aI358
aI359
aI365
aI369
aI370
aI372
aI373
aI374
aI376
aI381
aI382
aI387
aI398
aa(lp32
I1
aI3
aI6
aI12
aI35
aI37
aI42
aI48
aI52
aI63
aI67
aI81
aI83
aI87
aI99
aI104
aI105
aI106
aI111
aI116
aI123
aI132
aI142
aI143
aI155
aI173
aI178
aI179
aI186
aI190
aI192
aI198
aI201
aI204
aI209
aI212
aI218
aI224
aI230
aI240
aI249
aI251
aI261
aI265
aI266
aI287
aI290
aI316
aI317
aI325
aI328
aI329
aI331
aI332
aI338
aI340
aI347
aI356
aI368
aI375
aa(lp33
I5
aI13
aI22
aI39
aI52
aI62
aI63
aI64
aI76
aI96
aI123
aI125
aI128
aI130
aI131
aI151
aI166
aI168
aI174
aI188
aI195
aI198
aI203
aI213
aI216
aI219
aI223
aI236
aI246
aI250
aI252
aI269
aI270
aI279
aI300
aI301
aI336
aI342
aI344
aI351
aI355
aI367
aI373
aI382
aI388
aI394
aI395
aI396
aa(lp34
I7
aI15
aI17
aI22
aI32
aI33
aI35
aI50
aI52
aI57
aI61
aI70
aI73
aI104
aI106
aI120
aI137
aI147
aI156
aI159
aI172
aI177
aI196
aI209
aI210
aI218
aI225
aI237
aI244
aI248
aI254
aI270
aI273
aI294
aI296
aI303
aI309
aI312
aI324
aI328
aI339
aI340
aI342
aI350
aI359
aI360
aI365
aI373
aI387
aI399
aa(lp35
I0
aI7
aI11
aI21
aI23
aI24
aI27
aI29
aI40
aI45
aI59
aI61
aI62
aI66
aI77
aI81
aI86
aI94
aI97
aI104
aI107
aI120
aI123
aI138
aI146
aI147
aI152
aI153
aI156
aI173
aI174
aI179
aI182
aI183
aI189
aI199
aI210
aI217
aI218
aI224
aI231
aI245
aI249
aI254
aI264
aI267
aI269
aI275
aI291
aI299
aI307
aI314
aI316
aI330
aI332
aI335
aI343
aI349
aI350
aI363
aI394
aa(lp36
I8
aI14
aI16
aI26
aI31
aI48
aI58
aI61
aI65
aI76
aI93
aI98
aI107
aI108
aI117
aI134
aI135
aI150
aI152
aI164
aI169
aI173
aI174
aI180
aI181
aI182
aI207
aI210
aI213
aI216
aI219
aI220
aI221
aI226
aI232
aI249
aI255
aI266
aI268
aI275
aI289
aI295
aI301
aI302
aI304
aI320
aI325
aI328
aI330
aI331
aI346
aI348
aI354
aI358
aI360
aI361
aI362
aI368
aI369
aI375
aI377
aa(lp37
I5
aI8
aI17
aI19
aI21
aI27
aI32
aI34
aI39
aI49
aI54
aI60
aI64
aI67
aI73
aI78
aI84
aI86
aI87
aI88
aI90
aI103
aI110
aI117
aI122
aI125
aI131
aI133
aI150
aI160
aI166
aI175
aI180
aI181
aI184
aI186
aI188
aI208
aI213
aI234
aI245
aI248
aI266
aI271
aI280
aI284
aI289
aI307
aI318
aI328
aI330
aI344
aI346
aI356
aI357
aI362
aI366
aI379
aI382
aI391
aI397
aa(lp38
I2
aI10
aI11
aI15
aI24
aI27
aI42
aI71
aI88
aI90
aI95
aI129
aI133
aI141
aI142
aI156
aI160
aI164
aI165
aI167
aI178
aI186
aI189
aI202
aI207
aI220
aI239
aI240
aI256
aI262
aI268
aI274
aI284
aI294
aI308
aI310
aI314
aI316
aI332
aI336
aI337
aI362
aI368
aI375
aI379
aI383
aI387
aI389
aI390
aa(lp39
I6
aI26
aI29
aI30
aI37
aI43
aI49
aI56
aI58
aI61
aI65
aI67
aI82
aI90
aI91
aI92
aI94
aI105
aI115
aI120
aI127
aI128
aI131
aI149
aI154
aI162
aI170
aI172
aI177
aI183
aI194
aI199
aI200
aI208
aI211
aI212
aI215
aI220
aI227
aI228
aI235
aI238
aI242
aI244
aI258
aI270
aI272
aI274
aI284
aI309
aI310
aI315
aI319
aI321
aI324
aI334
aI336
aI356
aI364
aI379
aI384
aI389
aI391
aI392
aa(lp40
I2
aI15
aI19
aI22
aI25
aI37
aI38
aI55
aI57
aI70
aI86
aI87
aI90
aI91
aI95
aI100
aI102
aI108
aI126
aI128
aI129
aI134
aI138
aI145
aI150
aI156
aI157
aI158
aI164
aI167
aI168
aI177
aI192
aI195
aI203
aI204
aI218
aI231
aI236
aI240
aI241
aI250
aI251
aI254
aI256
aI257
aI261
aI271
aI281
aI282
aI285
aI287
aI289
aI323
aI340
aI348
aI356
aI358
aI361
aI366
aI368
aI370
aI372
aI373
aI375
aI385
aI389
aI398
aa(lp41
I8
aI15
aI23
aI27
aI31
aI35
aI45
aI47
aI49
aI58
aI61
aI69
aI75
aI82
aI92
aI96
aI97
aI105
aI124
aI128
aI132
aI133
aI147
aI153
aI156
aI161
aI171
aI172
aI173
aI174
aI175
aI177
aI178
aI179
aI180
aI184
aI193
aI198
aI206
aI208
aI211
aI213
aI233
aI242
aI247
aI263
aI275
aI286
aI290
aI298
aI299
aI303
aI306
aI309
aI317
aI319
aI335
aI338
aI340
aI342
aI343
aI345
aI348
aI359
aI361
aI363
aI364
aI365
aI366
aI370
aI377
aI384
aI398
aa(lp42
I9
aI12
aI15
aI34
aI38
aI42
aI44
aI49
aI54
aI59
aI69
aI74
aI80
aI84
aI87
aI88
aI91
aI93
aI98
aI109
aI113
aI114
aI116
aI118
aI119
aI120
aI127
aI129
aI148
aI153
aI156
aI168
aI169
aI174
aI179
aI182
aI183
aI193
aI218
aI224
aI231
aI239
aI244
aI246
aI250
aI255
aI260
aI262
aI270
aI291
aI295
aI298
aI299
aI309
aI311
aI312
aI316
aI322
aI323
aI327
aI329
aI331
aI340
aI351
aI352
aI358
aI361
aI364
aI370
aI378
aI389
aa(lp43
I13
aI15
aI18
aI19
aI28
aI35
aI41
aI59
aI61
aI76
aI79
aI84
aI86
aI88
aI93
aI95
aI99
aI106
aI119
aI120
aI122
aI128
aI133
aI144
aI151
aI153
aI164
aI169
aI172
aI175
aI189
aI204
aI205
aI207
aI213
aI215
aI220
aI228
aI233
aI249
aI252
aI269
aI272
aI276
aI282
aI285
aI289
aI293
aI296
aI302
aI304
aI313
aI314
aI316
aI327
aI330
aI344
aI346
aI350
aI361
aI364
aI369
aI372
aa(lp44
I15
aI29
aI33
aI40
aI42
aI54
aI63
aI67
aI72
aI73
aI74
aI79
aI80
aI86
aI94
aI96
aI111
aI118
aI123
aI169
aI172
aI174
aI178
aI190
aI198
aI199
aI202
aI203
aI205
aI216
aI226
aI231
aI235
aI236
aI242
aI244
aI246
aI248
aI262
aI268
aI280
aI286
aI288
aI295
aI301
aI319
aI342
aI345
aI347
aI354
aI360
aI371
aI373
aI396
aa(lp45
I1
aI11
aI20
aI35
aI44
aI54
aI55
aI56
aI57
aI72
aI73
aI77
aI81
aI91
aI95
aI107
aI127
aI132
aI136
aI140
aI141
aI146
aI147
aI159
aI164
aI169
aI172
aI176
aI188
aI196
aI203
aI206
aI208
aI223
aI224
aI228
aI229
aI231
aI233
aI237
aI240
aI242
aI247
aI249
aI273
aI279
aI288
aI297
aI306
aI315
aI317
aI328
aI332
aI341
aI348
aI371
aI374
aI382
aI385
aI387
aI390
aI394
aI396
aI399
aa(lp46
I18
aI20
aI22
aI24
aI51
aI61
aI66
aI68
aI70
aI71
aI82
aI84
aI90
aI94
aI97
aI115
aI118
aI123
aI133
aI141
aI144
aI147
aI155
aI157
aI160
aI162
aI164
aI167
aI171
aI181
aI188
aI198
aI199
aI203
aI210
aI213
aI214
aI220
aI227
aI228
aI236
aI245
aI247
aI254
aI256
aI257
aI259
aI265
aI266
aI284
aI291
aI296
aI297
aI305
aI309
aI312
aI313
aI335
aI336
aI350
aI358
aI359
aI360
aI375
aI388
aI391
aa(lp47
I6
aI16
aI17
aI24
aI33
aI37
aI42
aI52
aI76
aI82
aI104
aI105
aI106
aI112
aI114
aI115
aI129
aI138
aI140
aI146
aI161
aI164
aI190
aI196
aI201
aI213
aI220
aI254
aI267
aI273
aI279
aI283
aI287
aI302
aI313
aI329
aI330
aI332
aI342
aI343
aI344
aI347
aI359
aI366
aI372
aI377
aI382
aa(lp48
I82
aI85
aI87
aI101
aI114
aI123
aI135
aI141
aI153
aI162
aI163
aI177
aI193
aI194
aI200
aI208
aI213
aI216
aI221
aI224
aI226
aI229
aI232
aI233
aI237
aI241
aI249
aI258
aI269
aI279
aI281
aI301
aI303
aI307
aI311
aI312
aI316
aI341
aI342
aI348
aI355
aI370
aI380
aI392
aI394
aI397
aI398
aa(lp49
I3
aI11
aI21
aI25
aI27
aI28
aI37
aI51
aI54
aI57
aI74
aI76
aI79
aI84
aI102
aI107
aI122
aI125
aI135
aI139
aI157
aI158
aI159
aI163
aI199
aI226
aI237
aI239
aI240
aI242
aI244
aI251
aI258
aI259
aI260
aI263
aI269
aI278
aI282
aI304
aI335
aI342
aI343
aI350
aI354
aI359
aI362
aI364
aI372
aI391
aI392
aI397
aa(lp50
I5
aI9
aI10
aI16
aI29
aI36
aI48
aI49
aI50
aI59
aI62
aI68
aI69
aI70
aI82
aI86
aI91
aI114
aI115
aI117
aI118
aI126
aI129
aI132
aI138
aI147
aI148
aI154
aI156
aI159
aI162
aI171
aI178
aI182
aI189
aI193
aI196
aI200
aI203
aI204
aI219
aI226
aI234
aI240
aI244
aI251
aI253
aI258
aI262
aI266
aI273
aI274
aI275
aI277
aI285
aI287
aI291
aI292
aI298
aI299
aI306
aI316
aI321
aI326
aI340
aI341
aI342
aI352
aI356
aI361
aI366
aI375
aI384
aI387
aI389
aI396
aa(lp51
I2
aI3
aI7
aI12
aI13
aI17
aI18
aI20
aI21
aI36
aI48
aI54
aI55
aI62
aI70
aI78
aI84
aI85
aI87
aI88
aI93
aI97
aI103
aI106
aI107
aI108
aI111
aI121
aI124
aI125
aI133
aI134
aI137
aI141
aI163
aI174
aI176
aI179
aI180
aI186
aI199
aI200
aI234
aI236
aI238
aI240
aI243
aI244
aI252
aI254
aI256
aI266
aI268
aI273
aI277
aI287
aI305
aI306
aI309
aI314
aI336
aI353
aI360
aI367
aI372
aI373
aI383
aI396
aa(lp52
I0
aI12
aI29
aI33
aI38
aI66
aI68
aI71
aI72
aI77
aI80
aI88
aI90
aI92
aI96
aI101
aI107
aI115
aI121
aI122
aI138
aI159
aI162
aI164
aI171
aI174
aI180
aI184
aI188
aI191
aI192
aI193
aI211
aI229
aI259
aI270
aI277
aI278
aI284
aI291
aI295
aI297
aI299
aI300
aI301
aI330
aI341
aI344
aI345
aI353
aI373
aa(lp53
I1
aI4
aI18
aI32
aI41
aI46
aI56
aI64
aI67
aI71
aI84
aI89
aI92
aI96
aI97
aI101
aI105
aI109
aI115
aI130
aI133
aI140
aI162
aI172
aI181
aI187
aI189
aI198
aI199
aI204
aI206
aI214
aI215
aI221
aI228
aI230
aI236
aI238
aI243
aI252
aI263
aI268
aI269
aI270
aI272
aI276
aI280
aI294
aI302
aI314
aI318
aI321
aI332
aI344
aI351
aI354
aI359
aI360
aI371
aI383
aI384
aa(lp54
I3
aI4
aI8
aI13
aI19
aI30
aI50
aI61
aI69
aI70
aI83
aI97
aI99
aI102
aI129
aI130
aI132
aI133
aI134
aI137
aI141
aI175
aI181
aI184
aI186
aI193
aI200
aI209
aI211
aI231
aI233
aI240
aI258
aI262
aI264
aI271
aI274
aI288
aI295
aI308
aI326
aI330
aI341
aI344
aI367
aI371
aI377
aI392
aI395
aa(lp55
I10
aI16
aI22
aI40
aI57
aI72
aI76
aI87
aI104
aI105
aI120
aI124
aI126
aI151
aI153
aI162
aI173
aI175
aI188
aI190
aI197
aI198
aI200
aI201
aI204
aI209
aI213
aI214
aI219
aI225
aI230
aI233
aI234
aI239
aI240
aI245
aI246
aI248
aI254
aI265
aI277
aI280
aI284
aI289
aI293
aI303
aI305
aI325
aI329
aI344
aI349
aI353
aI359
aI363
aI370
aI379
aI386
aI389
aa(lp56
I3
aI4
aI13
aI23
aI42
aI47
aI61
aI63
aI67
aI74
aI80
aI89
aI96
aI97
aI115
aI122
aI137
aI145
aI149
aI154
aI156
aI161
aI163
aI166
aI170
aI171
aI179
aI180
aI183
aI186
aI194
aI206
aI208
aI217
aI225
aI229
aI238
aI252
aI289
aI291
aI300
aI307
aI312
aI317
aI326
aI328
aI337
aI343
aI352
aI354
aI357
aI371
aI372
aI373
aI379
aI383
aI386
aI399
aa(lp57
I8
aI17
aI21
aI25
aI37
aI38
aI47
aI49
aI50
aI52
aI54
aI56
aI58
aI62
aI67
aI75
aI78
aI82
aI84
aI89
aI102
aI112
aI115
aI138
aI140
aI148
aI150
aI164
aI168
aI173
aI176
aI179
aI186
aI189
aI193
aI194
aI208
aI221
aI236
aI254
aI260
aI275
aI292
aI294
aI300
aI301
aI302
aI305
aI311
aI323
aI333
aI341
aI352
aI360
aI380
aI386
aI388
aa(lp58
I3
aI18
aI23
aI30
aI37
aI40
aI54
aI67
aI68
aI75
aI77
aI78
aI79
aI88
aI94
aI106
aI109
aI120
aI123
aI126
aI127
aI134
aI135
aI138
aI142
aI149
aI155
aI160
aI164
aI169
aI173
aI175
aI182
aI184
aI193
aI199
aI207
aI228
aI238
aI247
aI248
aI253
aI256
aI258
aI270
aI275
aI288
aI295
aI300
aI306
aI311
aI313
aI320
aI344
aI350
aI372
aI375
aI380
aI385
aI387
aI393
aa(lp59
I4
aI10
aI17
aI18
aI20
aI52
aI59
aI67
aI71
aI82
aI90
aI94
aI100
aI106
aI114
aI128
aI137
aI139
aI149
aI163
aI164
aI165
aI167
aI170
aI174
aI176
aI178
aI179
aI182
aI190
aI197
aI200
aI201
aI206
aI207
aI209
aI214
aI215
aI216
aI219
aI243
aI247
aI249
aI250
aI266
aI274
aI277
aI279
aI299
aI302
aI308
aI310
aI320
aI325
aI326
aI330
aI332
aI337
aI338
aI353
aI355
aI359
aI364
aI370
aI389
aa(lp60
I2
aI5
aI9
aI10
aI13
aI15
aI16
aI18
aI21
aI44
aI51
aI54
aI60
aI61
aI64
aI66
aI88
aI92
aI97
aI108
aI118
aI130
aI131
aI133
aI147
aI148
aI151
aI157
aI160
aI165
aI171
aI178
aI189
aI204
aI205
aI218
aI222
aI233
aI234
aI254
aI256
aI257
aI258
aI263
aI268
aI274
aI276
aI287
aI307
aI308
aI315
aI326
aI352
aI358
aI363
aI369
aI372
aI384
aI389
aI399
aa(lp61
I12
aI21
aI41
aI56
aI59
aI60
aI79
aI80
aI83
aI84
aI87
aI91
aI100
aI108
aI131
aI134
aI138
aI143
aI149
aI151
aI156
aI161
aI162
aI165
aI176
aI179
aI189
aI191
aI205
aI213
aI227
aI239
aI255
aI259
aI269
aI284
aI294
aI299
aI331
aI334
aI335
aI352
aI371
aI376
aI378
aI381
aI394
aI398
aa(lp62
I2
aI9
aI14
aI21
aI24
aI53
aI56
aI77
aI78
aI87
aI106
aI110
aI118
aI120
aI125
aI137
aI138
aI144
aI155
aI158
aI176
aI215
aI221
aI227
aI230
aI235
aI242
aI254
aI257
aI258
aI266
aI282
aI304
aI314
aI324
aI326
aI335
aI342
aI344
aI346
aI353
aI363
aI395
aa(lp63
I3
aI7
aI9
aI26
aI28
aI35
aI37
aI39
aI45
aI49
aI50
aI51
aI60
aI66
aI71
aI75
aI77
aI95
aI127
aI133
aI134
aI148
aI150
aI154
aI177
aI182
aI185
aI187
aI191
aI223
aI226
aI233
aI239
aI242
aI243
aI253
aI255
aI256
aI265
aI271
aI275
aI278
aI281
aI285
aI292
aI293
aI294
aI304
aI310
aI311
aI312
aI337
aI342
aI347
aI349
aI350
aI354
aI366
aI369
aI370
aI395
aI396
aa(lp64
I4
aI13
aI14
aI18
aI19
aI31
aI32
aI35
aI48
aI57
aI64
aI72
aI74
aI89
aI94
aI107
aI120
aI127
aI133
aI141
aI159
aI161
aI164
aI175
aI186
aI189
aI190
aI194
aI195
aI198
aI209
aI214
aI221
aI227
aI243
aI248
aI268
aI278
aI288
aI293
aI295
aI304
aI311
aI319
aI320
aI329
aI335
aI339
aI353
aI361
aI372
aI381
aI385
aI389
aI392
aI398
aa(lp65
I6
aI9
aI11
aI17
aI25
aI26
aI34
aI36
aI37
aI50
aI52
aI53
aI81
aI82
aI87
aI89
aI92
aI98
aI105
aI111
aI132
aI136
aI141
aI147
aI148
aI149
aI150
aI158
aI162
aI182
aI187
aI191
aI205
aI206
aI207
aI217
aI220
aI223
aI224
aI237
aI245
aI262
aI264
aI269
aI280
aI294
aI301
aI325
aI328
aI329
aI342
aI344
aI345
aI346
aI348
aI351
aI352
aI367
aI372
aI377
aI389
aI395
aa(lp66
I4
aI5
aI13
aI14
aI15
aI22
aI31
aI53
aI56
aI58
aI77
aI81
aI82
aI89
aI92
aI99
aI100
aI108
aI110
aI114
aI116
aI120
aI121
aI124
aI127
aI133
aI146
aI148
aI160
aI162
aI167
aI171
aI194
aI213
aI230
aI231
aI236
aI238
aI250
aI253
aI257
aI258
aI265
aI267
aI293
aI300
aI302
aI309
aI310
aI314
aI315
aI322
aI331
aI347
aI351
aI355
aI359
aI364
aI368
aI382
aI397
aa(lp67
I4
aI11
aI15
aI33
aI35
aI41
aI46
aI51
aI59
aI62
aI87
aI95
aI102
aI110
aI112
aI118
aI119
aI124
aI141
aI145
aI147
aI153
aI157
aI163
aI181
aI190
aI213
aI222
aI226
aI242
aI255
aI258
aI263
aI287
aI288
aI289
aI295
aI306
aI307
aI318
aI320
aI338
aI375
aI376
aI381
aI386
aI393
aa(lp68
I0
aI18
aI21
aI25
aI27
aI38
aI49
aI80
aI91
aI93
aI94
aI97
aI102
aI103
aI107
aI122
aI128
aI132
aI135
aI136
aI140
aI142
aI148
aI170
aI189
aI191
aI194
aI204
aI206
aI230
aI235
aI236
aI240
aI241
aI246
aI260
aI264
aI267
aI279
aI296
aI304
aI305
aI314
aI336
aI343
aI348
aI351
aI366
aI367
aI382
aI389
aI394
aI395
aI396
aa(lp69
I12
aI14
aI16
aI19
aI30
aI32
aI33
aI36
aI38
aI40
aI51
aI61
aI67
aI72
aI80
aI97
aI109
aI113
aI118
aI123
aI127
aI129
aI138
aI143
aI145
aI151
aI160
aI164
aI168
aI180
aI188
aI192
aI194
aI200
aI202
aI205
aI211
aI212
aI220
aI223
aI229
aI235
aI254
aI271
aI277
aI287
aI288
aI295
aI306
aI309
aI313
aI316
aI318
aI325
aI327
aI332
aI335
aI339
aI341
aI346
aI349
aI351
aI357
aI360
aI367
aI371
aI387
aI389
aI395
aI397
aI398
aa(lp70
I10
aI22
aI24
aI37
aI42
aI53
aI55
aI59
aI74
aI88
aI90
aI94
aI97
aI106
aI109
aI115
aI116
aI117
aI119
aI122
aI128
aI133
aI151
aI153
aI166
aI168
aI169
aI172
aI182
aI183
aI194
aI196
aI214
aI216
aI217
aI218
aI220
aI230
aI235
aI237
aI238
aI242
aI272
aI286
aI287
aI294
aI298
aI299
aI302
aI310
aI321
aI342
aI343
aI346
aI356
aI359
aI361
aI367
aI380
aI386
aa(lp71
I1
aI2
aI12
aI23
aI25
aI26
aI30
aI31
aI38
aI41
aI47
aI57
aI59
aI61
aI62
aI63
aI67
aI68
aI74
aI76
aI78
aI80
aI84
aI90
aI94
aI97
aI99
aI102
aI106
aI107
aI109
aI120
aI122
aI129
aI138
aI141
aI148
aI154
aI159
aI164
aI167
aI168
aI180
aI185
aI186
aI193
aI197
aI198
aI200
aI214
aI217
aI228
aI238
aI247
aI249
aI268
aI270
aI274
aI277
aI294
aI299
aI301
aI317
aI318
aI325
aI329
aI330
aI346
aI350
aI351
aI367
aI372
aI380
aI398
aa(lp72
I1
aI4
aI10
aI13
aI22
aI28
aI31
aI36
aI37
aI43
aI48
aI53
aI56
aI60
aI68
aI71
aI80
aI84
aI85
aI91
aI92
aI94
aI107
aI120
aI124
aI131
aI136
aI138
aI141
aI142
aI149
aI152
aI154
aI156
aI162
aI172
aI174
aI179
aI192
aI198
aI205
aI227
aI238
aI249
aI259
aI270
aI277
aI285
aI288
aI299
aI303
aI310
aI311
aI316
aI318
aI334
aI335
aI337
aI344
aI345
aI346
aI347
aI360
aI364
aI368
aI375
aI380
aI387
aI389
aa(lp73
I0
aI3
aI10
aI12
aI13
aI47
aI53
aI55
aI57
aI96
aI101
aI103
aI104
aI132
aI141
aI147
aI150
aI153
aI157
aI166
aI175
aI178
aI183
aI185
aI189
aI193
aI194
aI196
aI200
aI202
aI206
aI219
aI225
aI226
aI227
aI243
aI247
aI255
aI256
aI271
aI275
aI279
aI291
aI294
aI299
aI314
aI315
aI316
aI320
aI327
aI330
aI334
aI341
aI347
aI352
aI357
aI365
aI376
aI379
aI380
aI395
aI398
aa(lp74
I0
aI15
aI17
aI22
aI28
aI34
aI37
aI41
aI42
aI52
aI64
aI86
aI87
aI99
aI119
aI122
aI127
aI129
aI132
aI134
aI154
aI158
aI170
aI172
aI179
aI186
aI198
aI209
aI210
aI211
aI217
aI219
aI236
aI238
aI241
aI247
aI254
aI255
aI256
aI263
aI265
aI292
aI294
aI301
aI323
aI324
aI328
aI331
aI333
aI353
aI356
aI370
aI375
aI380
aI398
aa(lp75
I3
aI6
aI7
aI16
aI19
aI37
aI39
aI50
aI53
aI62
aI79
aI81
aI101
aI110
aI134
aI140
aI152
aI155
aI160
aI170
aI177
aI178
aI184
aI187
aI191
aI196
aI197
aI205
aI208
aI218
aI229
aI233
aI240
aI242
aI243
aI244
aI251
aI255
aI266
aI267
aI269
aI279
aI285
aI288
aI293
aI297
aI298
aI301
aI311
aI313
aI326
aI328
aI335
aI339
aI352
aI359
aI366
aI369
aI370
aI385
aI386
aI387
aI391
aI396
aa(lp76
I5
aI6
aI10
aI16
aI21
aI23
aI26
aI35
aI41
aI61
aI62
aI64
aI76
aI85
aI90
aI101
aI102
aI104
aI109
aI112
aI118
aI119
aI121
aI123
aI129
aI145
aI147
aI152
aI161
aI162
aI178
aI180
aI190
aI196
aI204
aI206
aI210
aI211
aI212
aI221
aI233
aI235
aI252
aI255
aI257
aI263
aI270
aI281
aI282
aI311
aI314
aI315
aI318
aI322
aI327
aI332
aI342
aI363
aI365
aI369
aI375
aa(lp77
I0
aI8
aI9
aI24
aI26
aI30
aI45
aI53
aI54
aI57
aI58
aI71
aI78
aI81
aI85
aI104
aI105
aI128
aI136
aI139
aI148
aI152
aI155
aI161
aI168
aI173
aI177
aI184
aI185
aI187
aI193
aI196
aI200
aI206
aI207
aI210
aI216
aI218
aI246
aI262
aI275
aI283
aI285
aI295
aI299
aI309
aI323
aI325
aI332
aI347
aI361
aI362
aI382
aI385
aI398
aa(lp78
I23
aI24
aI25
aI34
aI37
aI42
aI45
aI46
aI48
aI52
aI68
aI74
aI76
aI79
aI83
aI104
aI107
aI112
aI113
aI132
aI133
aI134
aI142
aI143
aI151
aI169
aI177
aI182
aI184
aI192
aI195
aI196
aI215
aI220
aI221
aI223
aI234
aI240
aI241
aI242
aI265
aI275
aI276
aI278
aI281
aI283
aI293
aI296
aI297
aI301
aI302
aI311
aI312
aI326
aI330
aI331
aI335
aI337
aI352
aI359
aI367
aI368
aI372
aI373
aI375
aI391
aI396
aI399
aa(lp79
I2
aI6
aI9
aI22
aI28
aI42
aI45
aI50
aI54
aI57
aI60
aI80
aI90
aI102
aI112
aI113
aI116
aI125
aI129
aI133
aI140
aI142
aI152
aI161
aI166
aI169
aI170
aI178
aI179
aI184
aI187
aI189
aI190
aI198
aI200
aI202
aI209
aI223
aI229
aI232
aI240
aI250
aI252
aI264
aI271
aI273
aI276
aI277
aI283
aI287
aI288
aI304
aI316
aI320
aI327
aI331
aI334
aI344
aI355
aI358
aI366
aI398
aa(lp80
I9
aI18
aI31
aI34
aI36
aI43
aI45
aI50
aI53
aI54
aI55
aI58
aI59
aI65
aI72
aI77
aI85
aI97
aI101
aI102
aI108
aI116
aI119
aI121
aI123
aI134
aI141
aI146
aI156
aI158
aI159
aI160
aI161
aI167
aI169
aI172
aI175
aI186
aI191
aI193
aI204
aI205
aI220
aI239
aI259
aI261
aI269
aI296
aI304
aI311
aI315
aI317
aI319
aI329
aI331
aI335
aI340
aI341
aI343
aI350
aI352
aI359
aI361
aI371
aI380
aI382
aI386
aI387
aI389
aI390
aa(lp81
I11
aI27
aI34
aI35
aI38
aI41
aI45
aI60
aI72
aI73
aI85
aI88
aI92
aI95
aI96
aI102
aI104
aI105
aI111
aI116
aI119
aI122
aI129
aI141
aI143
aI147
aI148
aI155
aI164
aI165
aI167
aI178
aI185
aI191
aI210
aI218
aI240
aI246
aI248
aI249
aI262
aI265
aI268
aI272
aI275
aI285
aI292
aI295
aI299
aI301
aI307
aI331
aI345
aI349
aI350
aI358
aI364
aI366
aI369
aI377
aI378
aI379
aI384
aa(lp82
I1
aI8
aI10
aI11
aI13
aI35
aI36
aI56
aI61
aI65
aI67
aI68
aI79
aI81
aI84
aI89
aI102
aI109
aI134
aI159
aI160
aI161
aI170
aI181
aI193
aI214
aI216
aI221
aI235
aI248
aI251
aI252
aI253
aI258
aI259
aI263
aI264
aI265
aI275
aI287
aI295
aI300
aI302
aI309
aI322
aI333
aI339
aI345
aI349
aI358
aI372
aI380
aI385
aI386
aI388
aI389
aI390
aI391
aI393
aI396
aI398
aa(lp83
I17
aI37
aI42
aI50
aI62
aI83
aI87
aI88
aI101
aI112
aI130
aI134
aI142
aI153
aI172
aI175
aI176
aI180
aI194
aI195
aI199
aI224
aI225
aI226
aI227
aI236
aI237
aI239
aI254
aI259
aI266
aI267
aI278
aI290
aI293
aI303
aI306
aI313
aI314
aI324
aI328
aI334
aI335
aI352
aI353
aI358
aI362
aI365
aI373
aI376
aI378
aI390
aI397
aa(lp84
I5
aI13
aI19
aI23
aI26
aI33
aI36
aI41
aI45
aI57
aI59
aI62
aI74
aI84
aI93
aI103
aI104
aI107
aI119
aI128
aI132
aI135
aI138
aI152
aI157
aI168
aI204
aI206
aI221
aI233
aI243
aI248
aI255
aI273
aI274
aI281
aI307
aI309
aI315
aI333
aI336
aI343
aI352
aI366
aI368
aI378
aI393
aI394
aI396
aa(lp85
I18
aI25
aI26
aI33
aI36
aI40
aI49
aI55
aI62
aI64
aI67
aI78
aI81
aI94
aI95
aI101
aI107
aI109
aI111
aI113
aI117
aI138
aI143
aI148
aI155
aI157
aI160
aI161
aI163
aI192
aI193
aI210
aI211
aI214
aI215
aI221
aI222
aI226
aI240
aI243
aI245
aI246
aI251
aI267
aI273
aI276
aI282
aI283
aI301
aI313
aI325
aI327
aI329
aI341
aI342
aI343
aI345
aI347
aI350
aI351
aI353
aI357
aI359
aI363
aI364
aI365
aI366
aI373
aI379
aI383
aI385
aI394
aI399
aa(lp86
I1
aI7
aI8
aI10
aI17
aI28
aI30
aI40
aI41
aI43
aI48
aI51
aI55
aI76
aI77
aI86
aI87
aI90
aI93
aI95
aI108
aI110
aI112
aI117
aI123
aI145
aI154
aI157
aI160
aI163
aI164
aI167
aI170
aI173
aI182
aI190
aI191
aI200
aI206
aI212
aI222
aI223
aI226
aI231
aI234
aI235
aI240
aI244
aI247
aI251
aI264
aI271
aI272
aI275
aI277
aI282
aI288
aI294
aI295
aI298
aI300
aI307
aI310
aI328
aI329
aI335
aI340
aI343
aI345
aI346
aI352
aI357
aI372
aI391
aI394
aa(lp87
I2
aI21
aI23
aI29
aI30
aI33
aI54
aI62
aI76
aI91
aI101
aI103
aI110
aI115
aI116
aI118
aI122
aI129
aI134
aI143
aI145
aI148
aI181
aI204
aI226
aI228
aI232
aI245
aI251
aI259
aI265
aI266
aI268
aI277
aI288
aI305
aI306
aI321
aI322
aI326
aI327
aI329
aI363
aI364
aI376
aI378
aI379
aI381
aI396
aa(lp88
I13
aI26
aI30
aI32
aI43
aI60
aI75
aI84
aI88
aI93
aI115
aI119
aI122
aI131
aI133
aI144
aI146
aI149
aI162
aI179
aI180
aI182
aI190
aI195
aI200
aI204
aI206
aI210
aI218
aI222
aI238
aI246
aI247
aI251
aI258
aI267
aI268
aI280
aI282
aI296
aI305
aI311
aI325
aI330
aI332
aI336
aI342
aI357
aI369
aI371
aI388
aI389
aa(lp89
I7
aI16
aI18
aI21
aI39
aI43
aI45
aI47
aI48
aI49
aI62
aI63
aI64
aI66
aI71
aI78
aI85
aI86
aI91
aI92
aI93
aI97
aI99
aI111
aI120
aI142
aI149
aI151
aI158
aI163
aI164
aI173
aI182
aI183
aI210
aI212
aI213
aI226
aI227
aI232
aI256
aI261
aI262
aI267
aI269
aI272
aI283
aI289
aI297
aI317
aI319
aI322
aI326
aI329
aI331
aI339
aI362
aI370
aI371
aI375
aI385
aI386
aI388
aI392
aI394
aa(lp90
I4
aI26
aI36
aI43
aI46
aI56
aI60
aI63
aI64
aI65
aI82
aI89
aI90
aI101
aI105
aI108
aI145
aI153
aI154
aI162
aI188
aI193
aI206
aI220
aI226
aI243
aI256
aI261
aI262
aI268
aI273
aI276
aI295
aI307
aI308
aI319
aI320
aI333
aI346
aI350
aI365
aI366
aI370
aI372
aI375
aI387
aa(lp91
I1
aI7
aI10
aI11
aI17
aI18
aI22
aI31
aI44
aI47
aI51
aI54
aI55
aI61
aI80
aI89
aI92
aI95
aI99
aI101
aI103
aI106
aI111
aI119
aI120
aI126
aI135
aI137
aI141
aI165
aI175
aI184
aI185
aI186
aI194
aI201
aI221
aI225
aI232
aI233
aI235
aI240
aI241
aI242
aI251
aI257
aI275
aI284
aI287
aI299
aI305
aI306
aI340
aI342
aI350
aI352
aI356
aI361
aI362
aI364
aI365
aI376
aI385
aI391
aI399
aa(lp92
I6
aI27
aI29
aI33
aI36
aI39
aI49
aI50
aI61
aI62
aI80
aI82
aI84
aI85
aI86
aI103
aI111
aI112
aI118
aI120
aI128
aI147
aI149
aI151
aI153
aI157
aI159
aI168
aI185
aI187
aI195
aI220
aI221
aI222
aI236
aI248
aI255
aI277
aI288
aI289
aI291
aI293
aI296
aI300
aI302
aI303
aI314
aI315
aI318
aI319
aI322
aI324
aI329
aI331
aI344
aI351
aI355
aI358
aI359
aI372
aI384
aI386
aI389
aI397
aa(lp93
I10
aI19
aI20
aI33
aI37
aI43
aI59
aI63
aI66
aI67
aI71
aI81
aI85
aI89
aI102
aI105
aI106
aI130
aI139
aI141
aI142
aI179
aI181
aI187
aI199
aI202
aI203
aI206
aI218
aI221
aI223
aI227
aI233
aI234
aI236
aI244
aI273
aI277
aI278
aI282
aI286
aI288
aI296
aI299
aI310
aI314
aI320
aI328
aI330
aI334
aI337
aI339
aI344
aI348
aI354
aI358
aI361
aI366
aI372
aI380
aI384
aI385
aI397
aa(lp94
I1
aI20
aI27
aI53
aI60
aI62
aI63
aI70
aI80
aI84
aI86
aI92
aI96
aI102
aI110
aI112
aI123
aI125
aI136
aI146
aI160
aI161
aI171
aI176
aI178
aI180
aI181
aI192
aI194
aI204
aI205
aI217
aI223
aI228
aI238
aI243
aI251
aI253
aI254
aI275
aI282
aI290
aI291
aI294
aI295
aI302
aI303
aI312
aI314
aI331
aI345
aI356
aI358
aI367
aI371
aI376
aI378
aI380
aI397
aa(lp95
I3
aI5
aI15
aI19
aI25
aI28
aI36
aI42
aI58
aI83
aI87
aI94
aI97
aI98
aI109
aI114
aI120
aI121
aI123
aI124
aI130
aI133
aI134
aI136
aI148
aI153
aI159
aI162
aI165
aI166
aI172
aI179
aI185
aI190
aI191
aI197
aI200
aI207
aI208
aI211
aI216
aI219
aI227
aI244
aI259
aI262
aI268
aI271
aI283
aI284
aI300
aI302
aI310
aI311
aI313
aI318
aI321
aI322
aI329
aI343
aI350
aI366
aI368
aI372
aI385
aI388
aI394
aa(lp96
I6
aI7
aI8
aI13
aI24
aI26
aI29
aI31
aI32
aI37
aI50
aI58
aI72
aI79
aI80
aI82
aI92
aI95
aI98
aI114
aI117
aI125
aI134
aI138
aI142
aI143
aI144
aI150
aI157
aI166
aI173
aI178
aI190
aI191
aI200
aI202
aI203
aI204
aI206
aI207
aI212
aI213
aI221
aI231
aI246
aI254
aI257
aI261
aI273
aI284
aI288
aI303
aI304
aI308
aI334
aI336
aI338
aI348
aI353
aI366
aI374
aI387
aI388
aa(lp97
I0
aI21
aI22
aI24
aI29
aI31
aI36
aI47
aI58
aI60
aI67
aI82
aI86
aI89
aI92
aI106
aI110
aI122
aI126
aI140
aI142
aI144
aI147
aI161
aI164
aI170
aI171
aI176
aI179
aI184
aI190
aI191
aI192
aI195
aI209
aI215
aI217
aI218
aI219
aI220
aI234
aI235
aI236
aI245
aI246
aI271
aI283
aI287
aI290
aI297
aI299
aI308
aI309
aI320
aI322
aI329
aI331
aI342
aI344
aI345
aI354
aI355
aI357
aI361
aI376
aI380
aI390
aI391
aa(lp98
I16
aI20
aI23
aI29
aI31
aI35
aI43
aI46
aI51
aI54
aI57
aI59
aI61
aI82
aI87
aI98
aI109
aI123
aI130
aI135
aI140
aI147
aI150
aI153
aI154
aI156
aI158
aI169
aI171
aI192
aI195
aI207
aI212
aI219
aI221
aI222
aI250
aI262
aI265
aI268
aI280
aI293
aI296
aI299
aI300
aI303
aI307
aI308
aI310
aI313
aI320
aI326
aI349
aI351
aI358
aI362
aI374
aI379
aI381
aI384
aI386
aI390
aI394
aI397
aI399
aa(lp99
I3
aI10
aI23
aI34
aI45
aI80
aI81
aI86
aI90
aI91
aI97
aI98
aI100
aI105
aI107
aI111
aI115
aI116
aI120
aI126
aI127
aI136
aI139
aI152
aI159
aI161
aI167
aI168
aI181
aI191
aI192
aI195
aI197
aI202
aI203
aI208
aI215
aI217
aI222
aI228
aI233
aI238
aI244
aI249
aI260
aI281
aI283
aI285
aI293
aI298
aI307
aI320
aI329
aI331
aI334
aI338
aI361
aI363
aI380
aI387
aI391
aa(lp100
I12
aI21
aI22
aI28
aI34
aI37
aI41
aI44
aI47
aI48
aI64
aI73
aI79
aI88
aI95
aI99
aI113
aI114
aI116
aI122
aI139
aI151
aI152
aI167
aI168
aI181
aI192
aI196
aI206
aI213
aI220
aI223
aI252
aI266
aI270
aI274
aI279
aI280
aI282
aI284
aI288
aI290
aI291
aI303
aI308
aI321
aI324
aI327
aI331
aI333
aI338
aI344
aI348
aI351
aI354
aI363
aI367
aI370
aI377
aI381
aI382
aI387
aI389
aI390
aI393
aI396
aI398
aI399
aatp101
bsS'format'
p102
S'Spa'
p103
sS'dtype'
p104
g14
(S'f8'
p105
I0
I1
tp106
Rp107
(I3
S'<'
p108
NNNI-1
I-1
I0
tp109
bsS'_shape'
p110
(I80
I400
tp111
sS'maxprint'
p112
I50
sS'data'
p113
g7
(g8
(I0
tp114
g10
tp115
Rp116
(I1
(I80
tp117
g17
I00
(lp118
(lp119
F-0.001
aF-0.001
aF-0.001
aF-0.001
aF-0.001
aF-0.001
aF-0.001
aF-0.001
aF-0.001
aF-0.001
aF-0.001
aF-0.001
aF-0.001
aF-0.001
aF-0.001
aF-0.001
aF-0.001
aF-0.001
aF-0.001
aF-0.001
aF-0.001
aF-0.001
aF-0.001
aF-0.001
aF-0.001
aF-0.001
aF-0.001
aF-0.001
aF-0.001
aF-0.001
aF-0.001
aF-0.001
aF-0.001
aF-0.001
aF-0.001
aF-0.001
aF-0.001
aF-0.001
aF-0.001
aF-0.001
aF-0.001
aF-0.001
aF-0.001
aF-0.001
aF-0.001
aF-0.001
aF-0.001
aF-0.001
aF-0.001
aF-0.001
aF-0.001
aF-0.001
aF-0.001
aF-0.001
aF-0.001
aF-0.001
aF-0.001
aF-0.001
aF-0.001
aF-0.001
aF-0.001
aF-0.001
aF-0.001
aF-0.001
aF-0.001
aF-0.001
aF-0.001
aa(lp120
F-0.001
aF-0.001
aF-0.001
aF-0.001
aF-0.001
aF-0.001
aF-0.001
aF-0.001
aF-0.001
aF-0.001
aF-0.001
aF-0.001
aF-0.001
aF-0.001
aF-0.001
aF-0.001
aF-0.001
aF-0.001
aF-0.001
aF-0.001
aF-0.001
aF-0.001
aF-0.001
aF-0.001
aF-0.001
aF-0.001
aF-0.001
aF-0.001
aF-0.001
aF-0.001
aF-0.001
aF-0.001
aF-0.001
aF-0.001
aF-0.001
aF-0.001
aF-0.001
aF-0.001
aF-0.001
aF-0.001
aF-0.001
aF-0.001
aF-0.001
aF-0.001
aF-0.001
aF-0.001
aF-0.001
aF-0.001
aF-0.001
aF-0.001
aF-0.001
aF-0.001
aF-0.001
aF-0.001
aF-0.001
aF-0.001
aF-0.001
aF-0.001
aF-0.001
aF-0.001
aF-0.001
aF-0.001
aF-0.001
aF-0.001
aF-0.001
aF-0.001
aa(lp121
F-0.001
aF-0.001
aF-0.001
aF-0.001
aF-0.001
aF-0.001
aF-0.001
aF-0.001
aF-0.001
aF-0.001
aF-0.001
aF-0.001
aF-0.001
aF-0.001
aF-0.001
aF-0.001
aF-0.001
aF-0.001
aF-0.001
aF-0.001
aF-0.001
aF-0.001
aF-0.001
aF-0.001
aF-0.001
aF-0.001
aF-0.001
aF-0.001
aF-0.001
aF-0.001
aF-0.001
aF-0.001
aF-0.001
aF-0.001
aF-0.001
aF-0.001
aF-0.001
aF-0.001
aF-0.001
aF-0.001
aF-0.001
aF-0.001
aF-0.001
aF-0.001
aF-0.001
aF-0.001
aF-0.001
aF-0.001
aF-0.001
aF-0.001
aF-0.001
aF-0.001
aa(lp122
F-0.001
aF-0.001
aF-0.001
aF-0.001
aF-0.001
aF-0.001
aF-0.001
aF-0.001
aF-0.001
aF-0.001
aF-0.001
aF-0.001
aF-0.001
aF-0.001
aF-0.001
aF-0.001
aF-0.001
aF-0.001
aF-0.001
aF-0.001
aF-0.001
aF-0.001
aF-0.001
aF-0.001
aF-0.001
aF-0.001
aF-0.001
aF-0.001
aF-0.001
aF-0.001
aF-0.001
aF-0.001
aF-0.001
aF-0.001
aF-0.001
aF-0.001
aF-0.001
aF-0.001
aF-0.001
aF-0.001
aF-0.001
aF-0.001
aF-0.001
aF-0.001
aF-0.001
aF-0.001
aF-0.001
aF-0.001
aF-0.001
aF-0.001
aF-0.001
aF-0.001
aF-0.001
aF-0.001
aF-0.001
aF-0.001
aF-0.001
aF-0.001
aF-0.001
aF-0.001
aF-0.001
aF-0.001
aa(lp123
F-0.001
aF-0.001
aF-0.001
aF-0.001
aF-0.001
aF-0.001
aF-0.001
aF-0.001
aF-0.001
aF-0.001
aF-0.001
aF-0.001
aF-0.001
aF-0.001
aF-0.001
aF-0.001
aF-0.001
aF-0.001
aF-0.001
aF-0.001
aF-0.001
aF-0.001
aF-0.001
aF-0.001
aF-0.001
aF-0.001
aF-0.001
aF-0.001
aF-0.001
aF-0.001
aF-0.001
aF-0.001
aF-0.001
aF-0.001
aF-0.001
aF-0.001
aF-0.001
aF-0.001
aF-0.001
aF-0.001
aF-0.001
aF-0.001
aF-0.001
aF-0.001
aF-0.001
aF-0.001
aF-0.001
aF-0.001
aF-0.001
aF-0.001
aF-0.001
aF-0.001
aF-0.001
aF-0.001
aF-0.001
aF-0.001
aF-0.001
aa(lp124
F-0.001
aF-0.001
aF-0.001
aF-0.001
aF-0.001
aF-0.001
aF-0.001
aF-0.001
aF-0.001
aF-0.001
aF-0.001
aF-0.001
aF-0.001
aF-0.001
aF-0.001
aF-0.001
aF-0.001
aF-0.001
aF-0.001
aF-0.001
aF-0.001
aF-0.001
aF-0.001
aF-0.001
aF-0.001
aF-0.001
aF-0.001
aF-0.001
aF-0.001
aF-0.001
aF-0.001
aF-0.001
aF-0.001
aF-0.001
aF-0.001
aF-0.001
aF-0.001
aF-0.001
aF-0.001
aF-0.001
aF-0.001
aF-0.001
aF-0.001
aF-0.001
aF-0.001
aF-0.001
aF-0.001
aF-0.001
aF-0.001
aF-0.001
aF-0.001
aF-0.001
aF-0.001
aa(lp125
F-0.001
aF-0.001
aF-0.001
aF-0.001
aF-0.001
aF-0.001
aF-0.001
aF-0.001
aF-0.001
aF-0.001
aF-0.001
aF-0.001
aF-0.001
aF-0.001
aF-0.001
aF-0.001
aF-0.001
aF-0.001
aF-0.001
aF-0.001
aF-0.001
aF-0.001
aF-0.001
aF-0.001
aF-0.001
aF-0.001
aF-0.001
aF-0.001
aF-0.001
aF-0.001
aF-0.001
aF-0.001
aF-0.001
aF-0.001
aF-0.001
aF-0.001
aF-0.001
aF-0.001
aF-0.001
aF-0.001
aF-0.001
aF-0.001
aF-0.001
aF-0.001
aF-0.001
aF-0.001
aF-0.001
aF-0.001
aF-0.001
aF-0.001
aF-0.001
aF-0.001
aF-0.001
aF-0.001
aF-0.001
aF-0.001
aF-0.001
aF-0.001
aF-0.001
aF-0.001
aF-0.001
aF-0.001
aF-0.001
aF-0.001
aa(lp126
F-0.001
aF-0.001
aF-0.001
aF-0.001
aF-0.001
aF-0.001
aF-0.001
aF-0.001
aF-0.001
aF-0.001
aF-0.001
aF-0.001
aF-0.001
aF-0.001
aF-0.001
aF-0.001
aF-0.001
aF-0.001
aF-0.001
aF-0.001
aF-0.001
aF-0.001
aF-0.001
aF-0.001
aF-0.001
aF-0.001
aF-0.001
aF-0.001
aF-0.001
aF-0.001
aF-0.001
aF-0.001
aF-0.001
aF-0.001
aF-0.001
aF-0.001
aF-0.001
aF-0.001
aF-0.001
aF-0.001
aF-0.001
aF-0.001
aF-0.001
aF-0.001
aF-0.001
aF-0.001
aF-0.001
aF-0.001
aF-0.001
aF-0.001
aF-0.001
aF-0.001
aF-0.001
aF-0.001
aF-0.001
aF-0.001
aF-0.001
aF-0.001
aF-0.001
aF-0.001
aF-0.001
aF-0.001
aF-0.001
aF-0.001
aF-0.001
aF-0.001
aF-0.001
aF-0.001
aF-0.001
aF-0.001
aF-0.001
aF-0.001
aF-0.001
aF-0.001
aF-0.001
aF-0.001
aF-0.001
aF-0.001
aF-0.001
aF-0.001
aa(lp127
F-0.001
aF-0.001
aF-0.001
aF-0.001
aF-0.001
aF-0.001
aF-0.001
aF-0.001
aF-0.001
aF-0.001
aF-0.001
aF-0.001
aF-0.001
aF-0.001
aF-0.001
aF-0.001
aF-0.001
aF-0.001
aF-0.001
aF-0.001
aF-0.001
aF-0.001
aF-0.001
aF-0.001
aF-0.001
aF-0.001
aF-0.001
aF-0.001
aF-0.001
aF-0.001
aF-0.001
aF-0.001
aF-0.001
aF-0.001
aF-0.001
aF-0.001
aF-0.001
aF-0.001
aF-0.001
aF-0.001
aF-0.001
aF-0.001
aF-0.001
aF-0.001
aF-0.001
aF-0.001
aF-0.001
aF-0.001
aF-0.001
aF-0.001
aF-0.001
aF-0.001
aF-0.001
aF-0.001
aF-0.001
aF-0.001
aF-0.001
aF-0.001
aF-0.001
aF-0.001
aF-0.001
aF-0.001
aF-0.001
aF-0.001
aa(lp128
F-0.001
aF-0.001
aF-0.001
aF-0.001
aF-0.001
aF-0.001
aF-0.001
aF-0.001
aF-0.001
aF-0.001
aF-0.001
aF-0.001
aF-0.001
aF-0.001
aF-0.001
aF-0.001
aF-0.001
aF-0.001
aF-0.001
aF-0.001
aF-0.001
aF-0.001
aF-0.001
aF-0.001
aF-0.001
aF-0.001
aF-0.001
aF-0.001
aF-0.001
aF-0.001
aF-0.001
aF-0.001
aF-0.001
aF-0.001
aF-0.001
aF-0.001
aF-0.001
aF-0.001
aF-0.001
aF-0.001
aF-0.001
aF-0.001
aF-0.001
aF-0.001
aF-0.001
aF-0.001
aF-0.001
aF-0.001
aF-0.001
aF-0.001
aF-0.001
aF-0.001
aF-0.001
aF-0.001
aF-0.001
aF-0.001
aF-0.001
aF-0.001
aF-0.001
aF-0.001
aF-0.001
aF-0.001
aF-0.001
aF-0.001
aF-0.001
aF-0.001
aF-0.001
aa(lp129
F-0.001
aF-0.001
aF-0.001
aF-0.001
aF-0.001
aF-0.001
aF-0.001
aF-0.001
aF-0.001
aF-0.001
aF-0.001
aF-0.001
aF-0.001
aF-0.001
aF-0.001
aF-0.001
aF-0.001
aF-0.001
aF-0.001
aF-0.001
aF-0.001
aF-0.001
aF-0.001
aF-0.001
aF-0.001
aF-0.001
aF-0.001
aF-0.001
aF-0.001
aF-0.001
aF-0.001
aF-0.001
aF-0.001
aF-0.001
aF-0.001
aF-0.001
aF-0.001
aF-0.001
aF-0.001
aF-0.001
aF-0.001
aF-0.001
aF-0.001
aF-0.001
aF-0.001
aF-0.001
aF-0.001
aF-0.001
aF-0.001
aF-0.001
aF-0.001
aF-0.001
aF-0.001
aF-0.001
aF-0.001
aF-0.001
aF-0.001
aF-0.001
aF-0.001
aF-0.001
aF-0.001
aF-0.001
aF-0.001
aF-0.001
aF-0.001
aF-0.001
aa(lp130
F-0.001
aF-0.001
aF-0.001
aF-0.001
aF-0.001
aF-0.001
aF-0.001
aF-0.001
aF-0.001
aF-0.001
aF-0.001
aF-0.001
aF-0.001
aF-0.001
aF-0.001
aF-0.001
aF-0.001
aF-0.001
aF-0.001
aF-0.001
aF-0.001
aF-0.001
aF-0.001
aF-0.001
aF-0.001
aF-0.001
aF-0.001
aF-0.001
aF-0.001
aF-0.001
aF-0.001
aF-0.001
aF-0.001
aF-0.001
aF-0.001
aF-0.001
aF-0.001
aF-0.001
aF-0.001
aF-0.001
aF-0.001
aF-0.001
aF-0.001
aF-0.001
aF-0.001
aF-0.001
aF-0.001
aF-0.001
aF-0.001
aF-0.001
aF-0.001
aF-0.001
aF-0.001
aF-0.001
aF-0.001
aF-0.001
aF-0.001
aF-0.001
aF-0.001
aF-0.001
aa(lp131
F-0.001
aF-0.001
aF-0.001
aF-0.001
aF-0.001
aF-0.001
aF-0.001
aF-0.001
aF-0.001
aF-0.001
aF-0.001
aF-0.001
aF-0.001
aF-0.001
aF-0.001
aF-0.001
aF-0.001
aF-0.001
aF-0.001
aF-0.001
aF-0.001
aF-0.001
aF-0.001
aF-0.001
aF-0.001
aF-0.001
aF-0.001
aF-0.001
aF-0.001
aF-0.001
aF-0.001
aF-0.001
aF-0.001
aF-0.001
aF-0.001
aF-0.001
aF-0.001
aF-0.001
aF-0.001
aF-0.001
aF-0.001
aF-0.001
aF-0.001
aF-0.001
aF-0.001
aF-0.001
aF-0.001
aF-0.001
aa(lp132
F-0.001
aF-0.001
aF-0.001
aF-0.001
aF-0.001
aF-0.001
aF-0.001
aF-0.001
aF-0.001
aF-0.001
aF-0.001
aF-0.001
aF-0.001
aF-0.001
aF-0.001
aF-0.001
aF-0.001
aF-0.001
aF-0.001
aF-0.001
aF-0.001
aF-0.001
aF-0.001
aF-0.001
aF-0.001
aF-0.001
aF-0.001
aF-0.001
aF-0.001
aF-0.001
aF-0.001
aF-0.001
aF-0.001
aF-0.001
aF-0.001
aF-0.001
aF-0.001
aF-0.001
aF-0.001
aF-0.001
aF-0.001
aF-0.001
aF-0.001
aF-0.001
aF-0.001
aF-0.001
aF-0.001
aF-0.001
aF-0.001
aF-0.001
aa(lp133
F-0.001
aF-0.001
aF-0.001
aF-0.001
aF-0.001
aF-0.001
aF-0.001
aF-0.001
aF-0.001
aF-0.001
aF-0.001
aF-0.001
aF-0.001
aF-0.001
aF-0.001
aF-0.001
aF-0.001
aF-0.001
aF-0.001
aF-0.001
aF-0.001
aF-0.001
aF-0.001
aF-0.001
aF-0.001
aF-0.001
aF-0.001
aF-0.001
aF-0.001
aF-0.001
aF-0.001
aF-0.001
aF-0.001
aF-0.001
aF-0.001
aF-0.001
aF-0.001
aF-0.001
aF-0.001
aF-0.001
aF-0.001
aF-0.001
aF-0.001
aF-0.001
aF-0.001
aF-0.001
aF-0.001
aF-0.001
aF-0.001
aF-0.001
aF-0.001
aF-0.001
aF-0.001
aF-0.001
aF-0.001
aF-0.001
aF-0.001
aF-0.001
aF-0.001
aF-0.001
aF-0.001
aa(lp134
F-0.001
aF-0.001
aF-0.001
aF-0.001
aF-0.001
aF-0.001
aF-0.001
aF-0.001
aF-0.001
aF-0.001
aF-0.001
aF-0.001
aF-0.001
aF-0.001
aF-0.001
aF-0.001
aF-0.001
aF-0.001
aF-0.001
aF-0.001
aF-0.001
aF-0.001
aF-0.001
aF-0.001
aF-0.001
aF-0.001
aF-0.001
aF-0.001
aF-0.001
aF-0.001
aF-0.001
aF-0.001
aF-0.001
aF-0.001
aF-0.001
aF-0.001
aF-0.001
aF-0.001
aF-0.001
aF-0.001
aF-0.001
aF-0.001
aF-0.001
aF-0.001
aF-0.001
aF-0.001
aF-0.001
aF-0.001
aF-0.001
aF-0.001
aF-0.001
aF-0.001
aF-0.001
aF-0.001
aF-0.001
aF-0.001
aF-0.001
aF-0.001
aF-0.001
aF-0.001
aF-0.001
aa(lp135
F-0.001
aF-0.001
aF-0.001
aF-0.001
aF-0.001
aF-0.001
aF-0.001
aF-0.001
aF-0.001
aF-0.001
aF-0.001
aF-0.001
aF-0.001
aF-0.001
aF-0.001
aF-0.001
aF-0.001
aF-0.001
aF-0.001
aF-0.001
aF-0.001
aF-0.001
aF-0.001
aF-0.001
aF-0.001
aF-0.001
aF-0.001
aF-0.001
aF-0.001
aF-0.001
aF-0.001
aF-0.001
aF-0.001
aF-0.001
aF-0.001
aF-0.001
aF-0.001
aF-0.001
aF-0.001
aF-0.001
aF-0.001
aF-0.001
aF-0.001
aF-0.001
aF-0.001
aF-0.001
aF-0.001
aF-0.001
aF-0.001
aF-0.001
aF-0.001
aF-0.001
aF-0.001
aF-0.001
aF-0.001
aF-0.001
aF-0.001
aF-0.001
aF-0.001
aF-0.001
aF-0.001
aa(lp136
F-0.001
aF-0.001
aF-0.001
aF-0.001
aF-0.001
aF-0.001
aF-0.001
aF-0.001
aF-0.001
aF-0.001
aF-0.001
aF-0.001
aF-0.001
aF-0.001
aF-0.001
aF-0.001
aF-0.001
aF-0.001
aF-0.001
aF-0.001
aF-0.001
aF-0.001
aF-0.001
aF-0.001
aF-0.001
aF-0.001
aF-0.001
aF-0.001
aF-0.001
aF-0.001
aF-0.001
aF-0.001
aF-0.001
aF-0.001
aF-0.001
aF-0.001
aF-0.001
aF-0.001
aF-0.001
aF-0.001
aF-0.001
aF-0.001
aF-0.001
aF-0.001
aF-0.001
aF-0.001
aF-0.001
aF-0.001
aF-0.001
aa(lp137
F-0.001
aF-0.001
aF-0.001
aF-0.001
aF-0.001
aF-0.001
aF-0.001
aF-0.001
aF-0.001
aF-0.001
aF-0.001
aF-0.001
aF-0.001
aF-0.001
aF-0.001
aF-0.001
aF-0.001
aF-0.001
aF-0.001
aF-0.001
aF-0.001
aF-0.001
aF-0.001
aF-0.001
aF-0.001
aF-0.001
aF-0.001
aF-0.001
aF-0.001
aF-0.001
aF-0.001
aF-0.001
aF-0.001
aF-0.001
aF-0.001
aF-0.001
aF-0.001
aF-0.001
aF-0.001
aF-0.001
aF-0.001
aF-0.001
aF-0.001
aF-0.001
aF-0.001
aF-0.001
aF-0.001
aF-0.001
aF-0.001
aF-0.001
aF-0.001
aF-0.001
aF-0.001
aF-0.001
aF-0.001
aF-0.001
aF-0.001
aF-0.001
aF-0.001
aF-0.001
aF-0.001
aF-0.001
aF-0.001
aF-0.001
aa(lp138
F-0.001
aF-0.001
aF-0.001
aF-0.001
aF-0.001
aF-0.001
aF-0.001
aF-0.001
aF-0.001
aF-0.001
aF-0.001
aF-0.001
aF-0.001
aF-0.001
aF-0.001
aF-0.001
aF-0.001
aF-0.001
aF-0.001
aF-0.001
aF-0.001
aF-0.001
aF-0.001
aF-0.001
aF-0.001
aF-0.001
aF-0.001
aF-0.001
aF-0.001
aF-0.001
aF-0.001
aF-0.001
aF-0.001
aF-0.001
aF-0.001
aF-0.001
aF-0.001
aF-0.001
aF-0.001
aF-0.001
aF-0.001
aF-0.001
aF-0.001
aF-0.001
aF-0.001
aF-0.001
aF-0.001
aF-0.001
aF-0.001
aF-0.001
aF-0.001
aF-0.001
aF-0.001
aF-0.001
aF-0.001
aF-0.001
aF-0.001
aF-0.001
aF-0.001
aF-0.001
aF-0.001
aF-0.001
aF-0.001
aF-0.001
aF-0.001
aF-0.001
aF-0.001
aF-0.001
aa(lp139
F-0.001
aF-0.001
aF-0.001
aF-0.001
aF-0.001
aF-0.001
aF-0.001
aF-0.001
aF-0.001
aF-0.001
aF-0.001
aF-0.001
aF-0.001
aF-0.001
aF-0.001
aF-0.001
aF-0.001
aF-0.001
aF-0.001
aF-0.001
aF-0.001
aF-0.001
aF-0.001
aF-0.001
aF-0.001
aF-0.001
aF-0.001
aF-0.001
aF-0.001
aF-0.001
aF-0.001
aF-0.001
aF-0.001
aF-0.001
aF-0.001
aF-0.001
aF-0.001
aF-0.001
aF-0.001
aF-0.001
aF-0.001
aF-0.001
aF-0.001
aF-0.001
aF-0.001
aF-0.001
aF-0.001
aF-0.001
aF-0.001
aF-0.001
aF-0.001
aF-0.001
aF-0.001
aF-0.001
aF-0.001
aF-0.001
aF-0.001
aF-0.001
aF-0.001
aF-0.001
aF-0.001
aF-0.001
aF-0.001
aF-0.001
aF-0.001
aF-0.001
aF-0.001
aF-0.001
aF-0.001
aF-0.001
aF-0.001
aF-0.001
aF-0.001
aa(lp140
F-0.001
aF-0.001
aF-0.001
aF-0.001
aF-0.001
aF-0.001
aF-0.001
aF-0.001
aF-0.001
aF-0.001
aF-0.001
aF-0.001
aF-0.001
aF-0.001
aF-0.001
aF-0.001
aF-0.001
aF-0.001
aF-0.001
aF-0.001
aF-0.001
aF-0.001
aF-0.001
aF-0.001
aF-0.001
aF-0.001
aF-0.001
aF-0.001
aF-0.001
aF-0.001
aF-0.001
aF-0.001
aF-0.001
aF-0.001
aF-0.001
aF-0.001
aF-0.001
aF-0.001
aF-0.001
aF-0.001
aF-0.001
aF-0.001
aF-0.001
aF-0.001
aF-0.001
aF-0.001
aF-0.001
aF-0.001
aF-0.001
aF-0.001
aF-0.001
aF-0.001
aF-0.001
aF-0.001
aF-0.001
aF-0.001
aF-0.001
aF-0.001
aF-0.001
aF-0.001
aF-0.001
aF-0.001
aF-0.001
aF-0.001
aF-0.001
aF-0.001
aF-0.001
aF-0.001
aF-0.001
aF-0.001
aF-0.001
aa(lp141
F-0.001
aF-0.001
aF-0.001
aF-0.001
aF-0.001
aF-0.001
aF-0.001
aF-0.001
aF-0.001
aF-0.001
aF-0.001
aF-0.001
aF-0.001
aF-0.001
aF-0.001
aF-0.001
aF-0.001
aF-0.001
aF-0.001
aF-0.001
aF-0.001
aF-0.001
aF-0.001
aF-0.001
aF-0.001
aF-0.001
aF-0.001
aF-0.001
aF-0.001
aF-0.001
aF-0.001
aF-0.001
aF-0.001
aF-0.001
aF-0.001
aF-0.001
aF-0.001
aF-0.001
aF-0.001
aF-0.001
aF-0.001
aF-0.001
aF-0.001
aF-0.001
aF-0.001
aF-0.001
aF-0.001
aF-0.001
aF-0.001
aF-0.001
aF-0.001
aF-0.001
aF-0.001
aF-0.001
aF-0.001
aF-0.001
aF-0.001
aF-0.001
aF-0.001
aF-0.001
aF-0.001
aF-0.001
aF-0.001
aa(lp142
F-0.001
aF-0.001
aF-0.001
aF-0.001
aF-0.001
aF-0.001
aF-0.001
aF-0.001
aF-0.001
aF-0.001
aF-0.001
aF-0.001
aF-0.001
aF-0.001
aF-0.001
aF-0.001
aF-0.001
aF-0.001
aF-0.001
aF-0.001
aF-0.001
aF-0.001
aF-0.001
aF-0.001
aF-0.001
aF-0.001
aF-0.001
aF-0.001
aF-0.001
aF-0.001
aF-0.001
aF-0.001
aF-0.001
aF-0.001
aF-0.001
aF-0.001
aF-0.001
aF-0.001
aF-0.001
aF-0.001
aF-0.001
aF-0.001
aF-0.001
aF-0.001
aF-0.001
aF-0.001
aF-0.001
aF-0.001
aF-0.001
aF-0.001
aF-0.001
aF-0.001
aF-0.001
aF-0.001
aa(lp143
F-0.001
aF-0.001
aF-0.001
aF-0.001
aF-0.001
aF-0.001
aF-0.001
aF-0.001
aF-0.001
aF-0.001
aF-0.001
aF-0.001
aF-0.001
aF-0.001
aF-0.001
aF-0.001
aF-0.001
aF-0.001
aF-0.001
aF-0.001
aF-0.001
aF-0.001
aF-0.001
aF-0.001
aF-0.001
aF-0.001
aF-0.001
aF-0.001
aF-0.001
aF-0.001
aF-0.001
aF-0.001
aF-0.001
aF-0.001
aF-0.001
aF-0.001
aF-0.001
aF-0.001
aF-0.001
aF-0.001
aF-0.001
aF-0.001
aF-0.001
aF-0.001
aF-0.001
aF-0.001
aF-0.001
aF-0.001
aF-0.001
aF-0.001
aF-0.001
aF-0.001
aF-0.001
aF-0.001
aF-0.001
aF-0.001
aF-0.001
aF-0.001
aF-0.001
aF-0.001
aF-0.001
aF-0.001
aF-0.001
aF-0.001
aa(lp144
F-0.001
aF-0.001
aF-0.001
aF-0.001
aF-0.001
aF-0.001
aF-0.001
aF-0.001
aF-0.001
aF-0.001
aF-0.001
aF-0.001
aF-0.001
aF-0.001
aF-0.001
aF-0.001
aF-0.001
aF-0.001
aF-0.001
aF-0.001
aF-0.001
aF-0.001
aF-0.001
aF-0.001
aF-0.001
aF-0.001
aF-0.001
aF-0.001
aF-0.001
aF-0.001
aF-0.001
aF-0.001
aF-0.001
aF-0.001
aF-0.001
aF-0.001
aF-0.001
aF-0.001
aF-0.001
aF-0.001
aF-0.001
aF-0.001
aF-0.001
aF-0.001
aF-0.001
aF-0.001
aF-0.001
aF-0.001
aF-0.001
aF-0.001
aF-0.001
aF-0.001
aF-0.001
aF-0.001
aF-0.001
aF-0.001
aF-0.001
aF-0.001
aF-0.001
aF-0.001
aF-0.001
aF-0.001
aF-0.001
aF-0.001
aF-0.001
aF-0.001
aa(lp145
F-0.001
aF-0.001
aF-0.001
aF-0.001
aF-0.001
aF-0.001
aF-0.001
aF-0.001
aF-0.001
aF-0.001
aF-0.001
aF-0.001
aF-0.001
aF-0.001
aF-0.001
aF-0.001
aF-0.001
aF-0.001
aF-0.001
aF-0.001
aF-0.001
aF-0.001
aF-0.001
aF-0.001
aF-0.001
aF-0.001
aF-0.001
aF-0.001
aF-0.001
aF-0.001
aF-0.001
aF-0.001
aF-0.001
aF-0.001
aF-0.001
aF-0.001
aF-0.001
aF-0.001
aF-0.001
aF-0.001
aF-0.001
aF-0.001
aF-0.001
aF-0.001
aF-0.001
aF-0.001
aF-0.001
aa(lp146
F-0.001
aF-0.001
aF-0.001
aF-0.001
aF-0.001
aF-0.001
aF-0.001
aF-0.001
aF-0.001
aF-0.001
aF-0.001
aF-0.001
aF-0.001
aF-0.001
aF-0.001
aF-0.001
aF-0.001
aF-0.001
aF-0.001
aF-0.001
aF-0.001
aF-0.001
aF-0.001
aF-0.001
aF-0.001
aF-0.001
aF-0.001
aF-0.001
aF-0.001
aF-0.001
aF-0.001
aF-0.001
aF-0.001
aF-0.001
aF-0.001
aF-0.001
aF-0.001
aF-0.001
aF-0.001
aF-0.001
aF-0.001
aF-0.001
aF-0.001
aF-0.001
aF-0.001
aF-0.001
aF-0.001
aa(lp147
F-0.001
aF-0.001
aF-0.001
aF-0.001
aF-0.001
aF-0.001
aF-0.001
aF-0.001
aF-0.001
aF-0.001
aF-0.001
aF-0.001
aF-0.001
aF-0.001
aF-0.001
aF-0.001
aF-0.001
aF-0.001
aF-0.001
aF-0.001
aF-0.001
aF-0.001
aF-0.001
aF-0.001
aF-0.001
aF-0.001
aF-0.001
aF-0.001
aF-0.001
aF-0.001
aF-0.001
aF-0.001
aF-0.001
aF-0.001
aF-0.001
aF-0.001
aF-0.001
aF-0.001
aF-0.001
aF-0.001
aF-0.001
aF-0.001
aF-0.001
aF-0.001
aF-0.001
aF-0.001
aF-0.001
aF-0.001
aF-0.001
aF-0.001
aF-0.001
aF-0.001
aa(lp148
F-0.001
aF-0.001
aF-0.001
aF-0.001
aF-0.001
aF-0.001
aF-0.001
aF-0.001
aF-0.001
aF-0.001
aF-0.001
aF-0.001
aF-0.001
aF-0.001
aF-0.001
aF-0.001
aF-0.001
aF-0.001
aF-0.001
aF-0.001
aF-0.001
aF-0.001
aF-0.001
aF-0.001
aF-0.001
aF-0.001
aF-0.001
aF-0.001
aF-0.001
aF-0.001
aF-0.001
aF-0.001
aF-0.001
aF-0.001
aF-0.001
aF-0.001
aF-0.001
aF-0.001
aF-0.001
aF-0.001
aF-0.001
aF-0.001
aF-0.001
aF-0.001
aF-0.001
aF-0.001
aF-0.001
aF-0.001
aF-0.001
aF-0.001
aF-0.001
aF-0.001
aF-0.001
aF-0.001
aF-0.001
aF-0.001
aF-0.001
aF-0.001
aF-0.001
aF-0.001
aF-0.001
aF-0.001
aF-0.001
aF-0.001
aF-0.001
aF-0.001
aF-0.001
aF-0.001
aF-0.001
aF-0.001
aF-0.001
aF-0.001
aF-0.001
aF-0.001
aF-0.001
aF-0.001
aa(lp149
F-0.001
aF-0.001
aF-0.001
aF-0.001
aF-0.001
aF-0.001
aF-0.001
aF-0.001
aF-0.001
aF-0.001
aF-0.001
aF-0.001
aF-0.001
aF-0.001
aF-0.001
aF-0.001
aF-0.001
aF-0.001
aF-0.001
aF-0.001
aF-0.001
aF-0.001
aF-0.001
aF-0.001
aF-0.001
aF-0.001
aF-0.001
aF-0.001
aF-0.001
aF-0.001
aF-0.001
aF-0.001
aF-0.001
aF-0.001
aF-0.001
aF-0.001
aF-0.001
aF-0.001
aF-0.001
aF-0.001
aF-0.001
aF-0.001
aF-0.001
aF-0.001
aF-0.001
aF-0.001
aF-0.001
aF-0.001
aF-0.001
aF-0.001
aF-0.001
aF-0.001
aF-0.001
aF-0.001
aF-0.001
aF-0.001
aF-0.001
aF-0.001
aF-0.001
aF-0.001
aF-0.001
aF-0.001
aF-0.001
aF-0.001
aF-0.001
aF-0.001
aF-0.001
aF-0.001
aa(lp150
F-0.001
aF-0.001
aF-0.001
aF-0.001
aF-0.001
aF-0.001
aF-0.001
aF-0.001
aF-0.001
aF-0.001
aF-0.001
aF-0.001
aF-0.001
aF-0.001
aF-0.001
aF-0.001
aF-0.001
aF-0.001
aF-0.001
aF-0.001
aF-0.001
aF-0.001
aF-0.001
aF-0.001
aF-0.001
aF-0.001
aF-0.001
aF-0.001
aF-0.001
aF-0.001
aF-0.001
aF-0.001
aF-0.001
aF-0.001
aF-0.001
aF-0.001
aF-0.001
aF-0.001
aF-0.001
aF-0.001
aF-0.001
aF-0.001
aF-0.001
aF-0.001
aF-0.001
aF-0.001
aF-0.001
aF-0.001
aF-0.001
aF-0.001
aF-0.001
aa(lp151
F-0.001
aF-0.001
aF-0.001
aF-0.001
aF-0.001
aF-0.001
aF-0.001
aF-0.001
aF-0.001
aF-0.001
aF-0.001
aF-0.001
aF-0.001
aF-0.001
aF-0.001
aF-0.001
aF-0.001
aF-0.001
aF-0.001
aF-0.001
aF-0.001
aF-0.001
aF-0.001
aF-0.001
aF-0.001
aF-0.001
aF-0.001
aF-0.001
aF-0.001
aF-0.001
aF-0.001
aF-0.001
aF-0.001
aF-0.001
aF-0.001
aF-0.001
aF-0.001
aF-0.001
aF-0.001
aF-0.001
aF-0.001
aF-0.001
aF-0.001
aF-0.001
aF-0.001
aF-0.001
aF-0.001
aF-0.001
aF-0.001
aF-0.001
aF-0.001
aF-0.001
aF-0.001
aF-0.001
aF-0.001
aF-0.001
aF-0.001
aF-0.001
aF-0.001
aF-0.001
aF-0.001
aa(lp152
F-0.001
aF-0.001
aF-0.001
aF-0.001
aF-0.001
aF-0.001
aF-0.001
aF-0.001
aF-0.001
aF-0.001
aF-0.001
aF-0.001
aF-0.001
aF-0.001
aF-0.001
aF-0.001
aF-0.001
aF-0.001
aF-0.001
aF-0.001
aF-0.001
aF-0.001
aF-0.001
aF-0.001
aF-0.001
aF-0.001
aF-0.001
aF-0.001
aF-0.001
aF-0.001
aF-0.001
aF-0.001
aF-0.001
aF-0.001
aF-0.001
aF-0.001
aF-0.001
aF-0.001
aF-0.001
aF-0.001
aF-0.001
aF-0.001
aF-0.001
aF-0.001
aF-0.001
aF-0.001
aF-0.001
aF-0.001
aF-0.001
aa(lp153
F-0.001
aF-0.001
aF-0.001
aF-0.001
aF-0.001
aF-0.001
aF-0.001
aF-0.001
aF-0.001
aF-0.001
aF-0.001
aF-0.001
aF-0.001
aF-0.001
aF-0.001
aF-0.001
aF-0.001
aF-0.001
aF-0.001
aF-0.001
aF-0.001
aF-0.001
aF-0.001
aF-0.001
aF-0.001
aF-0.001
aF-0.001
aF-0.001
aF-0.001
aF-0.001
aF-0.001
aF-0.001
aF-0.001
aF-0.001
aF-0.001
aF-0.001
aF-0.001
aF-0.001
aF-0.001
aF-0.001
aF-0.001
aF-0.001
aF-0.001
aF-0.001
aF-0.001
aF-0.001
aF-0.001
aF-0.001
aF-0.001
aF-0.001
aF-0.001
aF-0.001
aF-0.001
aF-0.001
aF-0.001
aF-0.001
aF-0.001
aF-0.001
aa(lp154
F-0.001
aF-0.001
aF-0.001
aF-0.001
aF-0.001
aF-0.001
aF-0.001
aF-0.001
aF-0.001
aF-0.001
aF-0.001
aF-0.001
aF-0.001
aF-0.001
aF-0.001
aF-0.001
aF-0.001
aF-0.001
aF-0.001
aF-0.001
aF-0.001
aF-0.001
aF-0.001
aF-0.001
aF-0.001
aF-0.001
aF-0.001
aF-0.001
aF-0.001
aF-0.001
aF-0.001
aF-0.001
aF-0.001
aF-0.001
aF-0.001
aF-0.001
aF-0.001
aF-0.001
aF-0.001
aF-0.001
aF-0.001
aF-0.001
aF-0.001
aF-0.001
aF-0.001
aF-0.001
aF-0.001
aF-0.001
aF-0.001
aF-0.001
aF-0.001
aF-0.001
aF-0.001
aF-0.001
aF-0.001
aF-0.001
aF-0.001
aF-0.001
aa(lp155
F-0.001
aF-0.001
aF-0.001
aF-0.001
aF-0.001
aF-0.001
aF-0.001
aF-0.001
aF-0.001
aF-0.001
aF-0.001
aF-0.001
aF-0.001
aF-0.001
aF-0.001
aF-0.001
aF-0.001
aF-0.001
aF-0.001
aF-0.001
aF-0.001
aF-0.001
aF-0.001
aF-0.001
aF-0.001
aF-0.001
aF-0.001
aF-0.001
aF-0.001
aF-0.001
aF-0.001
aF-0.001
aF-0.001
aF-0.001
aF-0.001
aF-0.001
aF-0.001
aF-0.001
aF-0.001
aF-0.001
aF-0.001
aF-0.001
aF-0.001
aF-0.001
aF-0.001
aF-0.001
aF-0.001
aF-0.001
aF-0.001
aF-0.001
aF-0.001
aF-0.001
aF-0.001
aF-0.001
aF-0.001
aF-0.001
aF-0.001
aa(lp156
F-0.001
aF-0.001
aF-0.001
aF-0.001
aF-0.001
aF-0.001
aF-0.001
aF-0.001
aF-0.001
aF-0.001
aF-0.001
aF-0.001
aF-0.001
aF-0.001
aF-0.001
aF-0.001
aF-0.001
aF-0.001
aF-0.001
aF-0.001
aF-0.001
aF-0.001
aF-0.001
aF-0.001
aF-0.001
aF-0.001
aF-0.001
aF-0.001
aF-0.001
aF-0.001
aF-0.001
aF-0.001
aF-0.001
aF-0.001
aF-0.001
aF-0.001
aF-0.001
aF-0.001
aF-0.001
aF-0.001
aF-0.001
aF-0.001
aF-0.001
aF-0.001
aF-0.001
aF-0.001
aF-0.001
aF-0.001
aF-0.001
aF-0.001
aF-0.001
aF-0.001
aF-0.001
aF-0.001
aF-0.001
aF-0.001
aF-0.001
aF-0.001
aF-0.001
aF-0.001
aF-0.001
aa(lp157
F-0.001
aF-0.001
aF-0.001
aF-0.001
aF-0.001
aF-0.001
aF-0.001
aF-0.001
aF-0.001
aF-0.001
aF-0.001
aF-0.001
aF-0.001
aF-0.001
aF-0.001
aF-0.001
aF-0.001
aF-0.001
aF-0.001
aF-0.001
aF-0.001
aF-0.001
aF-0.001
aF-0.001
aF-0.001
aF-0.001
aF-0.001
aF-0.001
aF-0.001
aF-0.001
aF-0.001
aF-0.001
aF-0.001
aF-0.001
aF-0.001
aF-0.001
aF-0.001
aF-0.001
aF-0.001
aF-0.001
aF-0.001
aF-0.001
aF-0.001
aF-0.001
aF-0.001
aF-0.001
aF-0.001
aF-0.001
aF-0.001
aF-0.001
aF-0.001
aF-0.001
aF-0.001
aF-0.001
aF-0.001
aF-0.001
aF-0.001
aF-0.001
aF-0.001
aF-0.001
aF-0.001
aF-0.001
aF-0.001
aF-0.001
aF-0.001
aa(lp158
F-0.001
aF-0.001
aF-0.001
aF-0.001
aF-0.001
aF-0.001
aF-0.001
aF-0.001
aF-0.001
aF-0.001
aF-0.001
aF-0.001
aF-0.001
aF-0.001
aF-0.001
aF-0.001
aF-0.001
aF-0.001
aF-0.001
aF-0.001
aF-0.001
aF-0.001
aF-0.001
aF-0.001
aF-0.001
aF-0.001
aF-0.001
aF-0.001
aF-0.001
aF-0.001
aF-0.001
aF-0.001
aF-0.001
aF-0.001
aF-0.001
aF-0.001
aF-0.001
aF-0.001
aF-0.001
aF-0.001
aF-0.001
aF-0.001
aF-0.001
aF-0.001
aF-0.001
aF-0.001
aF-0.001
aF-0.001
aF-0.001
aF-0.001
aF-0.001
aF-0.001
aF-0.001
aF-0.001
aF-0.001
aF-0.001
aF-0.001
aF-0.001
aF-0.001
aF-0.001
aa(lp159
F-0.001
aF-0.001
aF-0.001
aF-0.001
aF-0.001
aF-0.001
aF-0.001
aF-0.001
aF-0.001
aF-0.001
aF-0.001
aF-0.001
aF-0.001
aF-0.001
aF-0.001
aF-0.001
aF-0.001
aF-0.001
aF-0.001
aF-0.001
aF-0.001
aF-0.001
aF-0.001
aF-0.001
aF-0.001
aF-0.001
aF-0.001
aF-0.001
aF-0.001
aF-0.001
aF-0.001
aF-0.001
aF-0.001
aF-0.001
aF-0.001
aF-0.001
aF-0.001
aF-0.001
aF-0.001
aF-0.001
aF-0.001
aF-0.001
aF-0.001
aF-0.001
aF-0.001
aF-0.001
aF-0.001
aF-0.001
aa(lp160
F-0.001
aF-0.001
aF-0.001
aF-0.001
aF-0.001
aF-0.001
aF-0.001
aF-0.001
aF-0.001
aF-0.001
aF-0.001
aF-0.001
aF-0.001
aF-0.001
aF-0.001
aF-0.001
aF-0.001
aF-0.001
aF-0.001
aF-0.001
aF-0.001
aF-0.001
aF-0.001
aF-0.001
aF-0.001
aF-0.001
aF-0.001
aF-0.001
aF-0.001
aF-0.001
aF-0.001
aF-0.001
aF-0.001
aF-0.001
aF-0.001
aF-0.001
aF-0.001
aF-0.001
aF-0.001
aF-0.001
aF-0.001
aF-0.001
aF-0.001
aa(lp161
F-0.001
aF-0.001
aF-0.001
aF-0.001
aF-0.001
aF-0.001
aF-0.001
aF-0.001
aF-0.001
aF-0.001
aF-0.001
aF-0.001
aF-0.001
aF-0.001
aF-0.001
aF-0.001
aF-0.001
aF-0.001
aF-0.001
aF-0.001
aF-0.001
aF-0.001
aF-0.001
aF-0.001
aF-0.001
aF-0.001
aF-0.001
aF-0.001
aF-0.001
aF-0.001
aF-0.001
aF-0.001
aF-0.001
aF-0.001
aF-0.001
aF-0.001
aF-0.001
aF-0.001
aF-0.001
aF-0.001
aF-0.001
aF-0.001
aF-0.001
aF-0.001
aF-0.001
aF-0.001
aF-0.001
aF-0.001
aF-0.001
aF-0.001
aF-0.001
aF-0.001
aF-0.001
aF-0.001
aF-0.001
aF-0.001
aF-0.001
aF-0.001
aF-0.001
aF-0.001
aF-0.001
aF-0.001
aa(lp162
F-0.001
aF-0.001
aF-0.001
aF-0.001
aF-0.001
aF-0.001
aF-0.001
aF-0.001
aF-0.001
aF-0.001
aF-0.001
aF-0.001
aF-0.001
aF-0.001
aF-0.001
aF-0.001
aF-0.001
aF-0.001
aF-0.001
aF-0.001
aF-0.001
aF-0.001
aF-0.001
aF-0.001
aF-0.001
aF-0.001
aF-0.001
aF-0.001
aF-0.001
aF-0.001
aF-0.001
aF-0.001
aF-0.001
aF-0.001
aF-0.001
aF-0.001
aF-0.001
aF-0.001
aF-0.001
aF-0.001
aF-0.001
aF-0.001
aF-0.001
aF-0.001
aF-0.001
aF-0.001
aF-0.001
aF-0.001
aF-0.001
aF-0.001
aF-0.001
aF-0.001
aF-0.001
aF-0.001
aF-0.001
aF-0.001
aa(lp163
F-0.001
aF-0.001
aF-0.001
aF-0.001
aF-0.001
aF-0.001
aF-0.001
aF-0.001
aF-0.001
aF-0.001
aF-0.001
aF-0.001
aF-0.001
aF-0.001
aF-0.001
aF-0.001
aF-0.001
aF-0.001
aF-0.001
aF-0.001
aF-0.001
aF-0.001
aF-0.001
aF-0.001
aF-0.001
aF-0.001
aF-0.001
aF-0.001
aF-0.001
aF-0.001
aF-0.001
aF-0.001
aF-0.001
aF-0.001
aF-0.001
aF-0.001
aF-0.001
aF-0.001
aF-0.001
aF-0.001
aF-0.001
aF-0.001
aF-0.001
aF-0.001
aF-0.001
aF-0.001
aF-0.001
aF-0.001
aF-0.001
aF-0.001
aF-0.001
aF-0.001
aF-0.001
aF-0.001
aF-0.001
aF-0.001
aF-0.001
aF-0.001
aF-0.001
aF-0.001
aF-0.001
aF-0.001
aa(lp164
F-0.001
aF-0.001
aF-0.001
aF-0.001
aF-0.001
aF-0.001
aF-0.001
aF-0.001
aF-0.001
aF-0.001
aF-0.001
aF-0.001
aF-0.001
aF-0.001
aF-0.001
aF-0.001
aF-0.001
aF-0.001
aF-0.001
aF-0.001
aF-0.001
aF-0.001
aF-0.001
aF-0.001
aF-0.001
aF-0.001
aF-0.001
aF-0.001
aF-0.001
aF-0.001
aF-0.001
aF-0.001
aF-0.001
aF-0.001
aF-0.001
aF-0.001
aF-0.001
aF-0.001
aF-0.001
aF-0.001
aF-0.001
aF-0.001
aF-0.001
aF-0.001
aF-0.001
aF-0.001
aF-0.001
aF-0.001
aF-0.001
aF-0.001
aF-0.001
aF-0.001
aF-0.001
aF-0.001
aF-0.001
aF-0.001
aF-0.001
aF-0.001
aF-0.001
aF-0.001
aF-0.001
aa(lp165
F-0.001
aF-0.001
aF-0.001
aF-0.001
aF-0.001
aF-0.001
aF-0.001
aF-0.001
aF-0.001
aF-0.001
aF-0.001
aF-0.001
aF-0.001
aF-0.001
aF-0.001
aF-0.001
aF-0.001
aF-0.001
aF-0.001
aF-0.001
aF-0.001
aF-0.001
aF-0.001
aF-0.001
aF-0.001
aF-0.001
aF-0.001
aF-0.001
aF-0.001
aF-0.001
aF-0.001
aF-0.001
aF-0.001
aF-0.001
aF-0.001
aF-0.001
aF-0.001
aF-0.001
aF-0.001
aF-0.001
aF-0.001
aF-0.001
aF-0.001
aF-0.001
aF-0.001
aF-0.001
aF-0.001
aa(lp166
F-0.001
aF-0.001
aF-0.001
aF-0.001
aF-0.001
aF-0.001
aF-0.001
aF-0.001
aF-0.001
aF-0.001
aF-0.001
aF-0.001
aF-0.001
aF-0.001
aF-0.001
aF-0.001
aF-0.001
aF-0.001
aF-0.001
aF-0.001
aF-0.001
aF-0.001
aF-0.001
aF-0.001
aF-0.001
aF-0.001
aF-0.001
aF-0.001
aF-0.001
aF-0.001
aF-0.001
aF-0.001
aF-0.001
aF-0.001
aF-0.001
aF-0.001
aF-0.001
aF-0.001
aF-0.001
aF-0.001
aF-0.001
aF-0.001
aF-0.001
aF-0.001
aF-0.001
aF-0.001
aF-0.001
aF-0.001
aF-0.001
aF-0.001
aF-0.001
aF-0.001
aF-0.001
aF-0.001
aa(lp167
F-0.001
aF-0.001
aF-0.001
aF-0.001
aF-0.001
aF-0.001
aF-0.001
aF-0.001
aF-0.001
aF-0.001
aF-0.001
aF-0.001
aF-0.001
aF-0.001
aF-0.001
aF-0.001
aF-0.001
aF-0.001
aF-0.001
aF-0.001
aF-0.001
aF-0.001
aF-0.001
aF-0.001
aF-0.001
aF-0.001
aF-0.001
aF-0.001
aF-0.001
aF-0.001
aF-0.001
aF-0.001
aF-0.001
aF-0.001
aF-0.001
aF-0.001
aF-0.001
aF-0.001
aF-0.001
aF-0.001
aF-0.001
aF-0.001
aF-0.001
aF-0.001
aF-0.001
aF-0.001
aF-0.001
aF-0.001
aF-0.001
aF-0.001
aF-0.001
aF-0.001
aF-0.001
aF-0.001
aF-0.001
aF-0.001
aF-0.001
aF-0.001
aF-0.001
aF-0.001
aF-0.001
aF-0.001
aF-0.001
aF-0.001
aF-0.001
aF-0.001
aF-0.001
aF-0.001
aF-0.001
aF-0.001
aF-0.001
aa(lp168
F-0.001
aF-0.001
aF-0.001
aF-0.001
aF-0.001
aF-0.001
aF-0.001
aF-0.001
aF-0.001
aF-0.001
aF-0.001
aF-0.001
aF-0.001
aF-0.001
aF-0.001
aF-0.001
aF-0.001
aF-0.001
aF-0.001
aF-0.001
aF-0.001
aF-0.001
aF-0.001
aF-0.001
aF-0.001
aF-0.001
aF-0.001
aF-0.001
aF-0.001
aF-0.001
aF-0.001
aF-0.001
aF-0.001
aF-0.001
aF-0.001
aF-0.001
aF-0.001
aF-0.001
aF-0.001
aF-0.001
aF-0.001
aF-0.001
aF-0.001
aF-0.001
aF-0.001
aF-0.001
aF-0.001
aF-0.001
aF-0.001
aF-0.001
aF-0.001
aF-0.001
aF-0.001
aF-0.001
aF-0.001
aF-0.001
aF-0.001
aF-0.001
aF-0.001
aF-0.001
aa(lp169
F-0.001
aF-0.001
aF-0.001
aF-0.001
aF-0.001
aF-0.001
aF-0.001
aF-0.001
aF-0.001
aF-0.001
aF-0.001
aF-0.001
aF-0.001
aF-0.001
aF-0.001
aF-0.001
aF-0.001
aF-0.001
aF-0.001
aF-0.001
aF-0.001
aF-0.001
aF-0.001
aF-0.001
aF-0.001
aF-0.001
aF-0.001
aF-0.001
aF-0.001
aF-0.001
aF-0.001
aF-0.001
aF-0.001
aF-0.001
aF-0.001
aF-0.001
aF-0.001
aF-0.001
aF-0.001
aF-0.001
aF-0.001
aF-0.001
aF-0.001
aF-0.001
aF-0.001
aF-0.001
aF-0.001
aF-0.001
aF-0.001
aF-0.001
aF-0.001
aF-0.001
aF-0.001
aF-0.001
aF-0.001
aF-0.001
aF-0.001
aF-0.001
aF-0.001
aF-0.001
aF-0.001
aF-0.001
aF-0.001
aF-0.001
aF-0.001
aF-0.001
aF-0.001
aF-0.001
aF-0.001
aF-0.001
aF-0.001
aF-0.001
aF-0.001
aF-0.001
aa(lp170
F-0.001
aF-0.001
aF-0.001
aF-0.001
aF-0.001
aF-0.001
aF-0.001
aF-0.001
aF-0.001
aF-0.001
aF-0.001
aF-0.001
aF-0.001
aF-0.001
aF-0.001
aF-0.001
aF-0.001
aF-0.001
aF-0.001
aF-0.001
aF-0.001
aF-0.001
aF-0.001
aF-0.001
aF-0.001
aF-0.001
aF-0.001
aF-0.001
aF-0.001
aF-0.001
aF-0.001
aF-0.001
aF-0.001
aF-0.001
aF-0.001
aF-0.001
aF-0.001
aF-0.001
aF-0.001
aF-0.001
aF-0.001
aF-0.001
aF-0.001
aF-0.001
aF-0.001
aF-0.001
aF-0.001
aF-0.001
aF-0.001
aF-0.001
aF-0.001
aF-0.001
aF-0.001
aF-0.001
aF-0.001
aF-0.001
aF-0.001
aF-0.001
aF-0.001
aF-0.001
aF-0.001
aF-0.001
aF-0.001
aF-0.001
aF-0.001
aF-0.001
aF-0.001
aF-0.001
aF-0.001
aa(lp171
F-0.001
aF-0.001
aF-0.001
aF-0.001
aF-0.001
aF-0.001
aF-0.001
aF-0.001
aF-0.001
aF-0.001
aF-0.001
aF-0.001
aF-0.001
aF-0.001
aF-0.001
aF-0.001
aF-0.001
aF-0.001
aF-0.001
aF-0.001
aF-0.001
aF-0.001
aF-0.001
aF-0.001
aF-0.001
aF-0.001
aF-0.001
aF-0.001
aF-0.001
aF-0.001
aF-0.001
aF-0.001
aF-0.001
aF-0.001
aF-0.001
aF-0.001
aF-0.001
aF-0.001
aF-0.001
aF-0.001
aF-0.001
aF-0.001
aF-0.001
aF-0.001
aF-0.001
aF-0.001
aF-0.001
aF-0.001
aF-0.001
aF-0.001
aF-0.001
aF-0.001
aF-0.001
aF-0.001
aF-0.001
aF-0.001
aF-0.001
aF-0.001
aF-0.001
aF-0.001
aF-0.001
aF-0.001
aa(lp172
F-0.001
aF-0.001
aF-0.001
aF-0.001
aF-0.001
aF-0.001
aF-0.001
aF-0.001
aF-0.001
aF-0.001
aF-0.001
aF-0.001
aF-0.001
aF-0.001
aF-0.001
aF-0.001
aF-0.001
aF-0.001
aF-0.001
aF-0.001
aF-0.001
aF-0.001
aF-0.001
aF-0.001
aF-0.001
aF-0.001
aF-0.001
aF-0.001
aF-0.001
aF-0.001
aF-0.001
aF-0.001
aF-0.001
aF-0.001
aF-0.001
aF-0.001
aF-0.001
aF-0.001
aF-0.001
aF-0.001
aF-0.001
aF-0.001
aF-0.001
aF-0.001
aF-0.001
aF-0.001
aF-0.001
aF-0.001
aF-0.001
aF-0.001
aF-0.001
aF-0.001
aF-0.001
aF-0.001
aF-0.001
aa(lp173
F-0.001
aF-0.001
aF-0.001
aF-0.001
aF-0.001
aF-0.001
aF-0.001
aF-0.001
aF-0.001
aF-0.001
aF-0.001
aF-0.001
aF-0.001
aF-0.001
aF-0.001
aF-0.001
aF-0.001
aF-0.001
aF-0.001
aF-0.001
aF-0.001
aF-0.001
aF-0.001
aF-0.001
aF-0.001
aF-0.001
aF-0.001
aF-0.001
aF-0.001
aF-0.001
aF-0.001
aF-0.001
aF-0.001
aF-0.001
aF-0.001
aF-0.001
aF-0.001
aF-0.001
aF-0.001
aF-0.001
aF-0.001
aF-0.001
aF-0.001
aF-0.001
aF-0.001
aF-0.001
aF-0.001
aF-0.001
aF-0.001
aF-0.001
aF-0.001
aF-0.001
aF-0.001
aF-0.001
aF-0.001
aF-0.001
aF-0.001
aF-0.001
aF-0.001
aF-0.001
aF-0.001
aF-0.001
aF-0.001
aF-0.001
aa(lp174
F-0.001
aF-0.001
aF-0.001
aF-0.001
aF-0.001
aF-0.001
aF-0.001
aF-0.001
aF-0.001
aF-0.001
aF-0.001
aF-0.001
aF-0.001
aF-0.001
aF-0.001
aF-0.001
aF-0.001
aF-0.001
aF-0.001
aF-0.001
aF-0.001
aF-0.001
aF-0.001
aF-0.001
aF-0.001
aF-0.001
aF-0.001
aF-0.001
aF-0.001
aF-0.001
aF-0.001
aF-0.001
aF-0.001
aF-0.001
aF-0.001
aF-0.001
aF-0.001
aF-0.001
aF-0.001
aF-0.001
aF-0.001
aF-0.001
aF-0.001
aF-0.001
aF-0.001
aF-0.001
aF-0.001
aF-0.001
aF-0.001
aF-0.001
aF-0.001
aF-0.001
aF-0.001
aF-0.001
aF-0.001
aF-0.001
aF-0.001
aF-0.001
aF-0.001
aF-0.001
aF-0.001
aa(lp175
F-0.001
aF-0.001
aF-0.001
aF-0.001
aF-0.001
aF-0.001
aF-0.001
aF-0.001
aF-0.001
aF-0.001
aF-0.001
aF-0.001
aF-0.001
aF-0.001
aF-0.001
aF-0.001
aF-0.001
aF-0.001
aF-0.001
aF-0.001
aF-0.001
aF-0.001
aF-0.001
aF-0.001
aF-0.001
aF-0.001
aF-0.001
aF-0.001
aF-0.001
aF-0.001
aF-0.001
aF-0.001
aF-0.001
aF-0.001
aF-0.001
aF-0.001
aF-0.001
aF-0.001
aF-0.001
aF-0.001
aF-0.001
aF-0.001
aF-0.001
aF-0.001
aF-0.001
aF-0.001
aF-0.001
aF-0.001
aF-0.001
aF-0.001
aF-0.001
aF-0.001
aF-0.001
aF-0.001
aF-0.001
aa(lp176
F-0.001
aF-0.001
aF-0.001
aF-0.001
aF-0.001
aF-0.001
aF-0.001
aF-0.001
aF-0.001
aF-0.001
aF-0.001
aF-0.001
aF-0.001
aF-0.001
aF-0.001
aF-0.001
aF-0.001
aF-0.001
aF-0.001
aF-0.001
aF-0.001
aF-0.001
aF-0.001
aF-0.001
aF-0.001
aF-0.001
aF-0.001
aF-0.001
aF-0.001
aF-0.001
aF-0.001
aF-0.001
aF-0.001
aF-0.001
aF-0.001
aF-0.001
aF-0.001
aF-0.001
aF-0.001
aF-0.001
aF-0.001
aF-0.001
aF-0.001
aF-0.001
aF-0.001
aF-0.001
aF-0.001
aF-0.001
aF-0.001
aF-0.001
aF-0.001
aF-0.001
aF-0.001
aF-0.001
aF-0.001
aF-0.001
aF-0.001
aF-0.001
aF-0.001
aF-0.001
aF-0.001
aF-0.001
aF-0.001
aF-0.001
aF-0.001
aF-0.001
aF-0.001
aF-0.001
aa(lp177
F-0.001
aF-0.001
aF-0.001
aF-0.001
aF-0.001
aF-0.001
aF-0.001
aF-0.001
aF-0.001
aF-0.001
aF-0.001
aF-0.001
aF-0.001
aF-0.001
aF-0.001
aF-0.001
aF-0.001
aF-0.001
aF-0.001
aF-0.001
aF-0.001
aF-0.001
aF-0.001
aF-0.001
aF-0.001
aF-0.001
aF-0.001
aF-0.001
aF-0.001
aF-0.001
aF-0.001
aF-0.001
aF-0.001
aF-0.001
aF-0.001
aF-0.001
aF-0.001
aF-0.001
aF-0.001
aF-0.001
aF-0.001
aF-0.001
aF-0.001
aF-0.001
aF-0.001
aF-0.001
aF-0.001
aF-0.001
aF-0.001
aF-0.001
aF-0.001
aF-0.001
aF-0.001
aF-0.001
aF-0.001
aF-0.001
aF-0.001
aF-0.001
aF-0.001
aF-0.001
aF-0.001
aF-0.001
aa(lp178
F-0.001
aF-0.001
aF-0.001
aF-0.001
aF-0.001
aF-0.001
aF-0.001
aF-0.001
aF-0.001
aF-0.001
aF-0.001
aF-0.001
aF-0.001
aF-0.001
aF-0.001
aF-0.001
aF-0.001
aF-0.001
aF-0.001
aF-0.001
aF-0.001
aF-0.001
aF-0.001
aF-0.001
aF-0.001
aF-0.001
aF-0.001
aF-0.001
aF-0.001
aF-0.001
aF-0.001
aF-0.001
aF-0.001
aF-0.001
aF-0.001
aF-0.001
aF-0.001
aF-0.001
aF-0.001
aF-0.001
aF-0.001
aF-0.001
aF-0.001
aF-0.001
aF-0.001
aF-0.001
aF-0.001
aF-0.001
aF-0.001
aF-0.001
aF-0.001
aF-0.001
aF-0.001
aF-0.001
aF-0.001
aF-0.001
aF-0.001
aF-0.001
aF-0.001
aF-0.001
aF-0.001
aF-0.001
aF-0.001
aF-0.001
aF-0.001
aF-0.001
aF-0.001
aF-0.001
aF-0.001
aF-0.001
aa(lp179
F-0.001
aF-0.001
aF-0.001
aF-0.001
aF-0.001
aF-0.001
aF-0.001
aF-0.001
aF-0.001
aF-0.001
aF-0.001
aF-0.001
aF-0.001
aF-0.001
aF-0.001
aF-0.001
aF-0.001
aF-0.001
aF-0.001
aF-0.001
aF-0.001
aF-0.001
aF-0.001
aF-0.001
aF-0.001
aF-0.001
aF-0.001
aF-0.001
aF-0.001
aF-0.001
aF-0.001
aF-0.001
aF-0.001
aF-0.001
aF-0.001
aF-0.001
aF-0.001
aF-0.001
aF-0.001
aF-0.001
aF-0.001
aF-0.001
aF-0.001
aF-0.001
aF-0.001
aF-0.001
aF-0.001
aF-0.001
aF-0.001
aF-0.001
aF-0.001
aF-0.001
aF-0.001
aF-0.001
aF-0.001
aF-0.001
aF-0.001
aF-0.001
aF-0.001
aF-0.001
aF-0.001
aF-0.001
aF-0.001
aa(lp180
F-0.001
aF-0.001
aF-0.001
aF-0.001
aF-0.001
aF-0.001
aF-0.001
aF-0.001
aF-0.001
aF-0.001
aF-0.001
aF-0.001
aF-0.001
aF-0.001
aF-0.001
aF-0.001
aF-0.001
aF-0.001
aF-0.001
aF-0.001
aF-0.001
aF-0.001
aF-0.001
aF-0.001
aF-0.001
aF-0.001
aF-0.001
aF-0.001
aF-0.001
aF-0.001
aF-0.001
aF-0.001
aF-0.001
aF-0.001
aF-0.001
aF-0.001
aF-0.001
aF-0.001
aF-0.001
aF-0.001
aF-0.001
aF-0.001
aF-0.001
aF-0.001
aF-0.001
aF-0.001
aF-0.001
aF-0.001
aF-0.001
aF-0.001
aF-0.001
aF-0.001
aF-0.001
aF-0.001
aF-0.001
aF-0.001
aF-0.001
aF-0.001
aF-0.001
aF-0.001
aF-0.001
aa(lp181
F-0.001
aF-0.001
aF-0.001
aF-0.001
aF-0.001
aF-0.001
aF-0.001
aF-0.001
aF-0.001
aF-0.001
aF-0.001
aF-0.001
aF-0.001
aF-0.001
aF-0.001
aF-0.001
aF-0.001
aF-0.001
aF-0.001
aF-0.001
aF-0.001
aF-0.001
aF-0.001
aF-0.001
aF-0.001
aF-0.001
aF-0.001
aF-0.001
aF-0.001
aF-0.001
aF-0.001
aF-0.001
aF-0.001
aF-0.001
aF-0.001
aF-0.001
aF-0.001
aF-0.001
aF-0.001
aF-0.001
aF-0.001
aF-0.001
aF-0.001
aF-0.001
aF-0.001
aF-0.001
aF-0.001
aF-0.001
aF-0.001
aF-0.001
aF-0.001
aF-0.001
aF-0.001
aa(lp182
F-0.001
aF-0.001
aF-0.001
aF-0.001
aF-0.001
aF-0.001
aF-0.001
aF-0.001
aF-0.001
aF-0.001
aF-0.001
aF-0.001
aF-0.001
aF-0.001
aF-0.001
aF-0.001
aF-0.001
aF-0.001
aF-0.001
aF-0.001
aF-0.001
aF-0.001
aF-0.001
aF-0.001
aF-0.001
aF-0.001
aF-0.001
aF-0.001
aF-0.001
aF-0.001
aF-0.001
aF-0.001
aF-0.001
aF-0.001
aF-0.001
aF-0.001
aF-0.001
aF-0.001
aF-0.001
aF-0.001
aF-0.001
aF-0.001
aF-0.001
aF-0.001
aF-0.001
aF-0.001
aF-0.001
aF-0.001
aF-0.001
aa(lp183
F-0.001
aF-0.001
aF-0.001
aF-0.001
aF-0.001
aF-0.001
aF-0.001
aF-0.001
aF-0.001
aF-0.001
aF-0.001
aF-0.001
aF-0.001
aF-0.001
aF-0.001
aF-0.001
aF-0.001
aF-0.001
aF-0.001
aF-0.001
aF-0.001
aF-0.001
aF-0.001
aF-0.001
aF-0.001
aF-0.001
aF-0.001
aF-0.001
aF-0.001
aF-0.001
aF-0.001
aF-0.001
aF-0.001
aF-0.001
aF-0.001
aF-0.001
aF-0.001
aF-0.001
aF-0.001
aF-0.001
aF-0.001
aF-0.001
aF-0.001
aF-0.001
aF-0.001
aF-0.001
aF-0.001
aF-0.001
aF-0.001
aF-0.001
aF-0.001
aF-0.001
aF-0.001
aF-0.001
aF-0.001
aF-0.001
aF-0.001
aF-0.001
aF-0.001
aF-0.001
aF-0.001
aF-0.001
aF-0.001
aF-0.001
aF-0.001
aF-0.001
aF-0.001
aF-0.001
aF-0.001
aF-0.001
aF-0.001
aF-0.001
aF-0.001
aa(lp184
F-0.001
aF-0.001
aF-0.001
aF-0.001
aF-0.001
aF-0.001
aF-0.001
aF-0.001
aF-0.001
aF-0.001
aF-0.001
aF-0.001
aF-0.001
aF-0.001
aF-0.001
aF-0.001
aF-0.001
aF-0.001
aF-0.001
aF-0.001
aF-0.001
aF-0.001
aF-0.001
aF-0.001
aF-0.001
aF-0.001
aF-0.001
aF-0.001
aF-0.001
aF-0.001
aF-0.001
aF-0.001
aF-0.001
aF-0.001
aF-0.001
aF-0.001
aF-0.001
aF-0.001
aF-0.001
aF-0.001
aF-0.001
aF-0.001
aF-0.001
aF-0.001
aF-0.001
aF-0.001
aF-0.001
aF-0.001
aF-0.001
aF-0.001
aF-0.001
aF-0.001
aF-0.001
aF-0.001
aF-0.001
aF-0.001
aF-0.001
aF-0.001
aF-0.001
aF-0.001
aF-0.001
aF-0.001
aF-0.001
aF-0.001
aF-0.001
aF-0.001
aF-0.001
aF-0.001
aF-0.001
aF-0.001
aF-0.001
aF-0.001
aF-0.001
aF-0.001
aF-0.001
aa(lp185
F-0.001
aF-0.001
aF-0.001
aF-0.001
aF-0.001
aF-0.001
aF-0.001
aF-0.001
aF-0.001
aF-0.001
aF-0.001
aF-0.001
aF-0.001
aF-0.001
aF-0.001
aF-0.001
aF-0.001
aF-0.001
aF-0.001
aF-0.001
aF-0.001
aF-0.001
aF-0.001
aF-0.001
aF-0.001
aF-0.001
aF-0.001
aF-0.001
aF-0.001
aF-0.001
aF-0.001
aF-0.001
aF-0.001
aF-0.001
aF-0.001
aF-0.001
aF-0.001
aF-0.001
aF-0.001
aF-0.001
aF-0.001
aF-0.001
aF-0.001
aF-0.001
aF-0.001
aF-0.001
aF-0.001
aF-0.001
aF-0.001
aa(lp186
F-0.001
aF-0.001
aF-0.001
aF-0.001
aF-0.001
aF-0.001
aF-0.001
aF-0.001
aF-0.001
aF-0.001
aF-0.001
aF-0.001
aF-0.001
aF-0.001
aF-0.001
aF-0.001
aF-0.001
aF-0.001
aF-0.001
aF-0.001
aF-0.001
aF-0.001
aF-0.001
aF-0.001
aF-0.001
aF-0.001
aF-0.001
aF-0.001
aF-0.001
aF-0.001
aF-0.001
aF-0.001
aF-0.001
aF-0.001
aF-0.001
aF-0.001
aF-0.001
aF-0.001
aF-0.001
aF-0.001
aF-0.001
aF-0.001
aF-0.001
aF-0.001
aF-0.001
aF-0.001
aF-0.001
aF-0.001
aF-0.001
aF-0.001
aF-0.001
aF-0.001
aa(lp187
F-0.001
aF-0.001
aF-0.001
aF-0.001
aF-0.001
aF-0.001
aF-0.001
aF-0.001
aF-0.001
aF-0.001
aF-0.001
aF-0.001
aF-0.001
aF-0.001
aF-0.001
aF-0.001
aF-0.001
aF-0.001
aF-0.001
aF-0.001
aF-0.001
aF-0.001
aF-0.001
aF-0.001
aF-0.001
aF-0.001
aF-0.001
aF-0.001
aF-0.001
aF-0.001
aF-0.001
aF-0.001
aF-0.001
aF-0.001
aF-0.001
aF-0.001
aF-0.001
aF-0.001
aF-0.001
aF-0.001
aF-0.001
aF-0.001
aF-0.001
aF-0.001
aF-0.001
aF-0.001
aF-0.001
aF-0.001
aF-0.001
aF-0.001
aF-0.001
aF-0.001
aF-0.001
aF-0.001
aF-0.001
aF-0.001
aF-0.001
aF-0.001
aF-0.001
aF-0.001
aF-0.001
aF-0.001
aF-0.001
aF-0.001
aF-0.001
aa(lp188
F-0.001
aF-0.001
aF-0.001
aF-0.001
aF-0.001
aF-0.001
aF-0.001
aF-0.001
aF-0.001
aF-0.001
aF-0.001
aF-0.001
aF-0.001
aF-0.001
aF-0.001
aF-0.001
aF-0.001
aF-0.001
aF-0.001
aF-0.001
aF-0.001
aF-0.001
aF-0.001
aF-0.001
aF-0.001
aF-0.001
aF-0.001
aF-0.001
aF-0.001
aF-0.001
aF-0.001
aF-0.001
aF-0.001
aF-0.001
aF-0.001
aF-0.001
aF-0.001
aF-0.001
aF-0.001
aF-0.001
aF-0.001
aF-0.001
aF-0.001
aF-0.001
aF-0.001
aF-0.001
aa(lp189
F-0.001
aF-0.001
aF-0.001
aF-0.001
aF-0.001
aF-0.001
aF-0.001
aF-0.001
aF-0.001
aF-0.001
aF-0.001
aF-0.001
aF-0.001
aF-0.001
aF-0.001
aF-0.001
aF-0.001
aF-0.001
aF-0.001
aF-0.001
aF-0.001
aF-0.001
aF-0.001
aF-0.001
aF-0.001
aF-0.001
aF-0.001
aF-0.001
aF-0.001
aF-0.001
aF-0.001
aF-0.001
aF-0.001
aF-0.001
aF-0.001
aF-0.001
aF-0.001
aF-0.001
aF-0.001
aF-0.001
aF-0.001
aF-0.001
aF-0.001
aF-0.001
aF-0.001
aF-0.001
aF-0.001
aF-0.001
aF-0.001
aF-0.001
aF-0.001
aF-0.001
aF-0.001
aF-0.001
aF-0.001
aF-0.001
aF-0.001
aF-0.001
aF-0.001
aF-0.001
aF-0.001
aF-0.001
aF-0.001
aF-0.001
aF-0.001
aa(lp190
F-0.001
aF-0.001
aF-0.001
aF-0.001
aF-0.001
aF-0.001
aF-0.001
aF-0.001
aF-0.001
aF-0.001
aF-0.001
aF-0.001
aF-0.001
aF-0.001
aF-0.001
aF-0.001
aF-0.001
aF-0.001
aF-0.001
aF-0.001
aF-0.001
aF-0.001
aF-0.001
aF-0.001
aF-0.001
aF-0.001
aF-0.001
aF-0.001
aF-0.001
aF-0.001
aF-0.001
aF-0.001
aF-0.001
aF-0.001
aF-0.001
aF-0.001
aF-0.001
aF-0.001
aF-0.001
aF-0.001
aF-0.001
aF-0.001
aF-0.001
aF-0.001
aF-0.001
aF-0.001
aF-0.001
aF-0.001
aF-0.001
aF-0.001
aF-0.001
aF-0.001
aF-0.001
aF-0.001
aF-0.001
aF-0.001
aF-0.001
aF-0.001
aF-0.001
aF-0.001
aF-0.001
aF-0.001
aF-0.001
aF-0.001
aa(lp191
F-0.001
aF-0.001
aF-0.001
aF-0.001
aF-0.001
aF-0.001
aF-0.001
aF-0.001
aF-0.001
aF-0.001
aF-0.001
aF-0.001
aF-0.001
aF-0.001
aF-0.001
aF-0.001
aF-0.001
aF-0.001
aF-0.001
aF-0.001
aF-0.001
aF-0.001
aF-0.001
aF-0.001
aF-0.001
aF-0.001
aF-0.001
aF-0.001
aF-0.001
aF-0.001
aF-0.001
aF-0.001
aF-0.001
aF-0.001
aF-0.001
aF-0.001
aF-0.001
aF-0.001
aF-0.001
aF-0.001
aF-0.001
aF-0.001
aF-0.001
aF-0.001
aF-0.001
aF-0.001
aF-0.001
aF-0.001
aF-0.001
aF-0.001
aF-0.001
aF-0.001
aF-0.001
aF-0.001
aF-0.001
aF-0.001
aF-0.001
aF-0.001
aF-0.001
aF-0.001
aF-0.001
aF-0.001
aF-0.001
aa(lp192
F-0.001
aF-0.001
aF-0.001
aF-0.001
aF-0.001
aF-0.001
aF-0.001
aF-0.001
aF-0.001
aF-0.001
aF-0.001
aF-0.001
aF-0.001
aF-0.001
aF-0.001
aF-0.001
aF-0.001
aF-0.001
aF-0.001
aF-0.001
aF-0.001
aF-0.001
aF-0.001
aF-0.001
aF-0.001
aF-0.001
aF-0.001
aF-0.001
aF-0.001
aF-0.001
aF-0.001
aF-0.001
aF-0.001
aF-0.001
aF-0.001
aF-0.001
aF-0.001
aF-0.001
aF-0.001
aF-0.001
aF-0.001
aF-0.001
aF-0.001
aF-0.001
aF-0.001
aF-0.001
aF-0.001
aF-0.001
aF-0.001
aF-0.001
aF-0.001
aF-0.001
aF-0.001
aF-0.001
aF-0.001
aF-0.001
aF-0.001
aF-0.001
aF-0.001
aa(lp193
F-0.001
aF-0.001
aF-0.001
aF-0.001
aF-0.001
aF-0.001
aF-0.001
aF-0.001
aF-0.001
aF-0.001
aF-0.001
aF-0.001
aF-0.001
aF-0.001
aF-0.001
aF-0.001
aF-0.001
aF-0.001
aF-0.001
aF-0.001
aF-0.001
aF-0.001
aF-0.001
aF-0.001
aF-0.001
aF-0.001
aF-0.001
aF-0.001
aF-0.001
aF-0.001
aF-0.001
aF-0.001
aF-0.001
aF-0.001
aF-0.001
aF-0.001
aF-0.001
aF-0.001
aF-0.001
aF-0.001
aF-0.001
aF-0.001
aF-0.001
aF-0.001
aF-0.001
aF-0.001
aF-0.001
aF-0.001
aF-0.001
aF-0.001
aF-0.001
aF-0.001
aF-0.001
aF-0.001
aF-0.001
aF-0.001
aF-0.001
aF-0.001
aF-0.001
aF-0.001
aF-0.001
aF-0.001
aF-0.001
aF-0.001
aF-0.001
aF-0.001
aF-0.001
aa(lp194
F-0.001
aF-0.001
aF-0.001
aF-0.001
aF-0.001
aF-0.001
aF-0.001
aF-0.001
aF-0.001
aF-0.001
aF-0.001
aF-0.001
aF-0.001
aF-0.001
aF-0.001
aF-0.001
aF-0.001
aF-0.001
aF-0.001
aF-0.001
aF-0.001
aF-0.001
aF-0.001
aF-0.001
aF-0.001
aF-0.001
aF-0.001
aF-0.001
aF-0.001
aF-0.001
aF-0.001
aF-0.001
aF-0.001
aF-0.001
aF-0.001
aF-0.001
aF-0.001
aF-0.001
aF-0.001
aF-0.001
aF-0.001
aF-0.001
aF-0.001
aF-0.001
aF-0.001
aF-0.001
aF-0.001
aF-0.001
aF-0.001
aF-0.001
aF-0.001
aF-0.001
aF-0.001
aF-0.001
aF-0.001
aF-0.001
aF-0.001
aF-0.001
aF-0.001
aF-0.001
aF-0.001
aF-0.001
aF-0.001
aa(lp195
F-0.001
aF-0.001
aF-0.001
aF-0.001
aF-0.001
aF-0.001
aF-0.001
aF-0.001
aF-0.001
aF-0.001
aF-0.001
aF-0.001
aF-0.001
aF-0.001
aF-0.001
aF-0.001
aF-0.001
aF-0.001
aF-0.001
aF-0.001
aF-0.001
aF-0.001
aF-0.001
aF-0.001
aF-0.001
aF-0.001
aF-0.001
aF-0.001
aF-0.001
aF-0.001
aF-0.001
aF-0.001
aF-0.001
aF-0.001
aF-0.001
aF-0.001
aF-0.001
aF-0.001
aF-0.001
aF-0.001
aF-0.001
aF-0.001
aF-0.001
aF-0.001
aF-0.001
aF-0.001
aF-0.001
aF-0.001
aF-0.001
aF-0.001
aF-0.001
aF-0.001
aF-0.001
aF-0.001
aF-0.001
aF-0.001
aF-0.001
aF-0.001
aF-0.001
aF-0.001
aF-0.001
aF-0.001
aF-0.001
aF-0.001
aF-0.001
aF-0.001
aF-0.001
aF-0.001
aa(lp196
F-0.001
aF-0.001
aF-0.001
aF-0.001
aF-0.001
aF-0.001
aF-0.001
aF-0.001
aF-0.001
aF-0.001
aF-0.001
aF-0.001
aF-0.001
aF-0.001
aF-0.001
aF-0.001
aF-0.001
aF-0.001
aF-0.001
aF-0.001
aF-0.001
aF-0.001
aF-0.001
aF-0.001
aF-0.001
aF-0.001
aF-0.001
aF-0.001
aF-0.001
aF-0.001
aF-0.001
aF-0.001
aF-0.001
aF-0.001
aF-0.001
aF-0.001
aF-0.001
aF-0.001
aF-0.001
aF-0.001
aF-0.001
aF-0.001
aF-0.001
aF-0.001
aF-0.001
aF-0.001
aF-0.001
aF-0.001
aF-0.001
aF-0.001
aF-0.001
aF-0.001
aF-0.001
aF-0.001
aF-0.001
aF-0.001
aF-0.001
aF-0.001
aF-0.001
aF-0.001
aF-0.001
aF-0.001
aF-0.001
aF-0.001
aF-0.001
aa(lp197
F-0.001
aF-0.001
aF-0.001
aF-0.001
aF-0.001
aF-0.001
aF-0.001
aF-0.001
aF-0.001
aF-0.001
aF-0.001
aF-0.001
aF-0.001
aF-0.001
aF-0.001
aF-0.001
aF-0.001
aF-0.001
aF-0.001
aF-0.001
aF-0.001
aF-0.001
aF-0.001
aF-0.001
aF-0.001
aF-0.001
aF-0.001
aF-0.001
aF-0.001
aF-0.001
aF-0.001
aF-0.001
aF-0.001
aF-0.001
aF-0.001
aF-0.001
aF-0.001
aF-0.001
aF-0.001
aF-0.001
aF-0.001
aF-0.001
aF-0.001
aF-0.001
aF-0.001
aF-0.001
aF-0.001
aF-0.001
aF-0.001
aF-0.001
aF-0.001
aF-0.001
aF-0.001
aF-0.001
aF-0.001
aF-0.001
aF-0.001
aF-0.001
aF-0.001
aF-0.001
aF-0.001
aa(lp198
F-0.001
aF-0.001
aF-0.001
aF-0.001
aF-0.001
aF-0.001
aF-0.001
aF-0.001
aF-0.001
aF-0.001
aF-0.001
aF-0.001
aF-0.001
aF-0.001
aF-0.001
aF-0.001
aF-0.001
aF-0.001
aF-0.001
aF-0.001
aF-0.001
aF-0.001
aF-0.001
aF-0.001
aF-0.001
aF-0.001
aF-0.001
aF-0.001
aF-0.001
aF-0.001
aF-0.001
aF-0.001
aF-0.001
aF-0.001
aF-0.001
aF-0.001
aF-0.001
aF-0.001
aF-0.001
aF-0.001
aF-0.001
aF-0.001
aF-0.001
aF-0.001
aF-0.001
aF-0.001
aF-0.001
aF-0.001
aF-0.001
aF-0.001
aF-0.001
aF-0.001
aF-0.001
aF-0.001
aF-0.001
aF-0.001
aF-0.001
aF-0.001
aF-0.001
aF-0.001
aF-0.001
aF-0.001
aF-0.001
aF-0.001
aF-0.001
aF-0.001
aF-0.001
aF-0.001
aatp199
bsS'init_kwds'
p200
(dp201
sb.